{"/Users/harry/Documents/CitizenVitae/citizen-vitae-app/src/assets/logo.svg": {"path":"/Users/harry/Documents/CitizenVitae/citizen-vitae-app/src/assets/logo.svg","statementMap":{},"fnMap":{},"branchMap":{},"s":{},"f":{},"b":{},"meta":{"lastBranch":0,"lastFunction":0,"lastStatement":0,"seen":{}}}
,"/Users/harry/Documents/CitizenVitae/citizen-vitae-app/src/components/ui/alert.tsx": {"path":"/Users/harry/Documents/CitizenVitae/citizen-vitae-app/src/components/ui/alert.tsx","statementMap":{"0":{"start":{"line":6,"column":6},"end":{"line":18,"column":null}},"1":{"start":{"line":21,"column":14},"end":{"line":25,"column":null}},"2":{"start":{"line":24,"column":37},"end":{"line":25,"column":null}},"3":{"start":{"line":27,"column":0},"end":{"line":27,"column":null}},"4":{"start":{"line":29,"column":19},"end":{"line":31,"column":null}},"5":{"start":{"line":30,"column":28},"end":{"line":31,"column":null}},"6":{"start":{"line":34,"column":0},"end":{"line":34,"column":null}},"7":{"start":{"line":36,"column":25},"end":{"line":38,"column":null}},"8":{"start":{"line":37,"column":28},"end":{"line":38,"column":null}},"9":{"start":{"line":41,"column":0},"end":{"line":41,"column":null}}},"fnMap":{"0":{"name":"(anonymous_0)","decl":{"start":{"line":24,"column":2},"end":{"line":24,"column":3}},"loc":{"start":{"line":24,"column":37},"end":{"line":25,"column":null}},"line":24},"1":{"name":"(anonymous_1)","decl":{"start":{"line":30,"column":2},"end":{"line":30,"column":3}},"loc":{"start":{"line":30,"column":28},"end":{"line":31,"column":null}},"line":30},"2":{"name":"(anonymous_2)","decl":{"start":{"line":37,"column":2},"end":{"line":37,"column":3}},"loc":{"start":{"line":37,"column":28},"end":{"line":38,"column":null}},"line":37}},"branchMap":{},"s":{"0":1,"1":1,"2":1,"3":1,"4":1,"5":0,"6":1,"7":1,"8":1,"9":1},"f":{"0":1,"1":0,"2":1},"b":{},"meta":{"lastBranch":0,"lastFunction":3,"lastStatement":10,"seen":{"s:6:6:18:Infinity":0,"s:21:14:25:Infinity":1,"f:24:2:24:3":0,"s:24:37:25:Infinity":2,"s:27:0:27:Infinity":3,"s:29:19:31:Infinity":4,"f:30:2:30:3":1,"s:30:28:31:Infinity":5,"s:34:0:34:Infinity":6,"s:36:25:38:Infinity":7,"f:37:2:37:3":2,"s:37:28:38:Infinity":8,"s:41:0:41:Infinity":9}}}
,"/Users/harry/Documents/CitizenVitae/citizen-vitae-app/src/components/ui/button.tsx": {"path":"/Users/harry/Documents/CitizenVitae/citizen-vitae-app/src/components/ui/button.tsx","statementMap":{"0":{"start":{"line":7,"column":6},"end":{"line":30,"column":null}},"1":{"start":{"line":39,"column":15},"end":{"line":43,"column":null}},"2":{"start":{"line":41,"column":17},"end":{"line":41,"column":null}},"3":{"start":{"line":42,"column":4},"end":{"line":42,"column":null}},"4":{"start":{"line":45,"column":0},"end":{"line":45,"column":null}}},"fnMap":{"0":{"name":"(anonymous_0)","decl":{"start":{"line":40,"column":2},"end":{"line":40,"column":3}},"loc":{"start":{"line":40,"column":60},"end":{"line":43,"column":null}},"line":40}},"branchMap":{"0":{"loc":{"start":{"line":40,"column":31},"end":{"line":40,"column":46}},"type":"default-arg","locations":[{"start":{"line":40,"column":41},"end":{"line":40,"column":46}}],"line":40},"1":{"loc":{"start":{"line":41,"column":17},"end":{"line":41,"column":null}},"type":"cond-expr","locations":[{"start":{"line":41,"column":27},"end":{"line":41,"column":34}},{"start":{"line":41,"column":34},"end":{"line":41,"column":null}}],"line":41}},"s":{"0":4,"1":4,"2":136,"3":136,"4":4},"f":{"0":136},"b":{"0":[136],"1":[0,136]},"meta":{"lastBranch":2,"lastFunction":1,"lastStatement":5,"seen":{"s:7:6:30:Infinity":0,"s:39:15:43:Infinity":1,"f:40:2:40:3":0,"b:40:41:40:46":0,"s:41:17:41:Infinity":2,"b:41:27:41:34:41:34:41:Infinity":1,"s:42:4:42:Infinity":3,"s:45:0:45:Infinity":4}}}
,"/Users/harry/Documents/CitizenVitae/citizen-vitae-app/src/components/ui/card.tsx": {"path":"/Users/harry/Documents/CitizenVitae/citizen-vitae-app/src/components/ui/card.tsx","statementMap":{"0":{"start":{"line":5,"column":13},"end":{"line":6,"column":null}},"1":{"start":{"line":5,"column":110},"end":{"line":6,"column":null}},"2":{"start":{"line":8,"column":0},"end":{"line":8,"column":null}},"3":{"start":{"line":10,"column":19},"end":{"line":12,"column":null}},"4":{"start":{"line":11,"column":28},"end":{"line":12,"column":null}},"5":{"start":{"line":15,"column":0},"end":{"line":15,"column":null}},"6":{"start":{"line":17,"column":18},"end":{"line":19,"column":null}},"7":{"start":{"line":18,"column":28},"end":{"line":19,"column":null}},"8":{"start":{"line":22,"column":0},"end":{"line":22,"column":null}},"9":{"start":{"line":24,"column":24},"end":{"line":26,"column":null}},"10":{"start":{"line":25,"column":28},"end":{"line":26,"column":null}},"11":{"start":{"line":29,"column":0},"end":{"line":29,"column":null}},"12":{"start":{"line":31,"column":20},"end":{"line":32,"column":null}},"13":{"start":{"line":32,"column":28},"end":{"line":32,"column":null}},"14":{"start":{"line":34,"column":0},"end":{"line":34,"column":null}},"15":{"start":{"line":36,"column":19},"end":{"line":38,"column":null}},"16":{"start":{"line":37,"column":28},"end":{"line":38,"column":null}},"17":{"start":{"line":41,"column":0},"end":{"line":41,"column":null}}},"fnMap":{"0":{"name":"(anonymous_0)","decl":{"start":{"line":5,"column":84},"end":{"line":5,"column":85}},"loc":{"start":{"line":5,"column":110},"end":{"line":6,"column":null}},"line":5},"1":{"name":"(anonymous_1)","decl":{"start":{"line":11,"column":2},"end":{"line":11,"column":3}},"loc":{"start":{"line":11,"column":28},"end":{"line":12,"column":null}},"line":11},"2":{"name":"(anonymous_2)","decl":{"start":{"line":18,"column":2},"end":{"line":18,"column":3}},"loc":{"start":{"line":18,"column":28},"end":{"line":19,"column":null}},"line":18},"3":{"name":"(anonymous_3)","decl":{"start":{"line":25,"column":2},"end":{"line":25,"column":3}},"loc":{"start":{"line":25,"column":28},"end":{"line":26,"column":null}},"line":25},"4":{"name":"(anonymous_4)","decl":{"start":{"line":32,"column":2},"end":{"line":32,"column":3}},"loc":{"start":{"line":32,"column":28},"end":{"line":32,"column":null}},"line":32},"5":{"name":"(anonymous_5)","decl":{"start":{"line":37,"column":2},"end":{"line":37,"column":3}},"loc":{"start":{"line":37,"column":28},"end":{"line":38,"column":null}},"line":37}},"branchMap":{},"s":{"0":1,"1":29,"2":1,"3":1,"4":13,"5":1,"6":1,"7":13,"8":1,"9":1,"10":13,"11":1,"12":1,"13":29,"14":1,"15":1,"16":0,"17":1},"f":{"0":29,"1":13,"2":13,"3":13,"4":29,"5":0},"b":{},"meta":{"lastBranch":0,"lastFunction":6,"lastStatement":18,"seen":{"s:5:13:6:Infinity":0,"f:5:84:5:85":0,"s:5:110:6:Infinity":1,"s:8:0:8:Infinity":2,"s:10:19:12:Infinity":3,"f:11:2:11:3":1,"s:11:28:12:Infinity":4,"s:15:0:15:Infinity":5,"s:17:18:19:Infinity":6,"f:18:2:18:3":2,"s:18:28:19:Infinity":7,"s:22:0:22:Infinity":8,"s:24:24:26:Infinity":9,"f:25:2:25:3":3,"s:25:28:26:Infinity":10,"s:29:0:29:Infinity":11,"s:31:20:32:Infinity":12,"f:32:2:32:3":4,"s:32:28:32:Infinity":13,"s:34:0:34:Infinity":14,"s:36:19:38:Infinity":15,"f:37:2:37:3":5,"s:37:28:38:Infinity":16,"s:41:0:41:Infinity":17}}}
,"/Users/harry/Documents/CitizenVitae/citizen-vitae-app/src/components/ui/input-otp.tsx": {"path":"/Users/harry/Documents/CitizenVitae/citizen-vitae-app/src/components/ui/input-otp.tsx","statementMap":{"0":{"start":{"line":7,"column":17},"end":{"line":13,"column":null}},"1":{"start":{"line":8,"column":48},"end":{"line":13,"column":null}},"2":{"start":{"line":17,"column":0},"end":{"line":17,"column":null}},"3":{"start":{"line":19,"column":22},"end":{"line":20,"column":null}},"4":{"start":{"line":20,"column":28},"end":{"line":20,"column":null}},"5":{"start":{"line":22,"column":0},"end":{"line":22,"column":null}},"6":{"start":{"line":24,"column":21},"end":{"line":49,"column":null}},"7":{"start":{"line":28,"column":26},"end":{"line":28,"column":null}},"8":{"start":{"line":29,"column":43},"end":{"line":29,"column":71}},"9":{"start":{"line":31,"column":2},"end":{"line":44,"column":null}},"10":{"start":{"line":50,"column":0},"end":{"line":50,"column":null}},"11":{"start":{"line":52,"column":26},"end":{"line":55,"column":null}},"12":{"start":{"line":53,"column":17},"end":{"line":55,"column":null}},"13":{"start":{"line":59,"column":0},"end":{"line":59,"column":null}}},"fnMap":{"0":{"name":"(anonymous_0)","decl":{"start":{"line":8,"column":2},"end":{"line":8,"column":3}},"loc":{"start":{"line":8,"column":48},"end":{"line":13,"column":null}},"line":8},"1":{"name":"(anonymous_1)","decl":{"start":{"line":20,"column":2},"end":{"line":20,"column":3}},"loc":{"start":{"line":20,"column":28},"end":{"line":20,"column":null}},"line":20},"2":{"name":"(anonymous_2)","decl":{"start":{"line":27,"column":2},"end":{"line":27,"column":3}},"loc":{"start":{"line":27,"column":35},"end":{"line":49,"column":null}},"line":27},"3":{"name":"(anonymous_3)","decl":{"start":{"line":53,"column":2},"end":{"line":53,"column":3}},"loc":{"start":{"line":53,"column":17},"end":{"line":55,"column":null}},"line":53}},"branchMap":{"0":{"loc":{"start":{"line":36,"column":8},"end":{"line":36,"column":null}},"type":"binary-expr","locations":[{"start":{"line":36,"column":8},"end":{"line":36,"column":20}},{"start":{"line":36,"column":20},"end":{"line":36,"column":null}}],"line":36},"1":{"loc":{"start":{"line":42,"column":7},"end":{"line":44,"column":null}},"type":"binary-expr","locations":[{"start":{"line":42,"column":7},"end":{"line":42,"column":null}},{"start":{"line":42,"column":7},"end":{"line":44,"column":null}}],"line":42}},"s":{"0":1,"1":14,"2":1,"3":1,"4":28,"5":1,"6":1,"7":90,"8":90,"9":90,"10":1,"11":1,"12":14,"13":1},"f":{"0":14,"1":28,"2":90,"3":14},"b":{"0":[90,0],"1":[90,0]},"meta":{"lastBranch":2,"lastFunction":4,"lastStatement":14,"seen":{"s:7:17:13:Infinity":0,"f:8:2:8:3":0,"s:8:48:13:Infinity":1,"s:17:0:17:Infinity":2,"s:19:22:20:Infinity":3,"f:20:2:20:3":1,"s:20:28:20:Infinity":4,"s:22:0:22:Infinity":5,"s:24:21:49:Infinity":6,"f:27:2:27:3":2,"s:28:26:28:Infinity":7,"s:29:43:29:71":8,"s:31:2:44:Infinity":9,"b:36:8:36:20:36:20:36:Infinity":0,"b:42:7:42:Infinity:42:7:44:Infinity":1,"s:50:0:50:Infinity":10,"s:52:26:55:Infinity":11,"f:53:2:53:3":3,"s:53:17:55:Infinity":12,"s:59:0:59:Infinity":13}}}
,"/Users/harry/Documents/CitizenVitae/citizen-vitae-app/src/components/ui/input.tsx": {"path":"/Users/harry/Documents/CitizenVitae/citizen-vitae-app/src/components/ui/input.tsx","statementMap":{"0":{"start":{"line":5,"column":14},"end":{"line":18,"column":null}},"1":{"start":{"line":7,"column":4},"end":{"line":15,"column":null}},"2":{"start":{"line":20,"column":0},"end":{"line":20,"column":null}}},"fnMap":{"0":{"name":"(anonymous_0)","decl":{"start":{"line":6,"column":2},"end":{"line":6,"column":3}},"loc":{"start":{"line":6,"column":34},"end":{"line":18,"column":null}},"line":6}},"branchMap":{},"s":{"0":1,"1":35,"2":1},"f":{"0":35},"b":{},"meta":{"lastBranch":0,"lastFunction":1,"lastStatement":3,"seen":{"s:5:14:18:Infinity":0,"f:6:2:6:3":0,"s:7:4:15:Infinity":1,"s:20:0:20:Infinity":2}}}
,"/Users/harry/Documents/CitizenVitae/citizen-vitae-app/src/components/ui/label.tsx": {"path":"/Users/harry/Documents/CitizenVitae/citizen-vitae-app/src/components/ui/label.tsx","statementMap":{"0":{"start":{"line":7,"column":6},"end":{"line":7,"column":null}},"1":{"start":{"line":9,"column":14},"end":{"line":13,"column":null}},"2":{"start":{"line":12,"column":28},"end":{"line":13,"column":null}},"3":{"start":{"line":15,"column":0},"end":{"line":15,"column":null}}},"fnMap":{"0":{"name":"(anonymous_0)","decl":{"start":{"line":12,"column":2},"end":{"line":12,"column":3}},"loc":{"start":{"line":12,"column":28},"end":{"line":13,"column":null}},"line":12}},"branchMap":{},"s":{"0":1,"1":1,"2":35,"3":1},"f":{"0":35},"b":{},"meta":{"lastBranch":0,"lastFunction":1,"lastStatement":4,"seen":{"s:7:6:7:Infinity":0,"s:9:14:13:Infinity":1,"f:12:2:12:3":0,"s:12:28:13:Infinity":2,"s:15:0:15:Infinity":3}}}
,"/Users/harry/Documents/CitizenVitae/citizen-vitae-app/src/components/ui/skeleton.tsx": {"path":"/Users/harry/Documents/CitizenVitae/citizen-vitae-app/src/components/ui/skeleton.tsx","statementMap":{"0":{"start":{"line":4,"column":2},"end":{"line":4,"column":null}}},"fnMap":{"0":{"name":"Skeleton","decl":{"start":{"line":3,"column":9},"end":{"line":3,"column":18}},"loc":{"start":{"line":3,"column":79},"end":{"line":5,"column":null}},"line":3}},"branchMap":{},"s":{"0":4},"f":{"0":4},"b":{},"meta":{"lastBranch":0,"lastFunction":1,"lastStatement":1,"seen":{"f:3:9:3:18":0,"s:4:2:4:Infinity":0}}}
,"/Users/harry/Documents/CitizenVitae/citizen-vitae-app/src/contexts/AuthContext.tsx": {"path":"/Users/harry/Documents/CitizenVitae/citizen-vitae-app/src/contexts/AuthContext.tsx","statementMap":{"0":{"start":{"line":41,"column":6},"end":{"line":41,"column":null}},"1":{"start":{"line":43,"column":28},"end":{"line":448,"column":null}},"2":{"start":{"line":44,"column":23},"end":{"line":44,"column":null}},"3":{"start":{"line":45,"column":29},"end":{"line":45,"column":null}},"4":{"start":{"line":46,"column":29},"end":{"line":46,"column":null}},"5":{"start":{"line":47,"column":25},"end":{"line":47,"column":null}},"6":{"start":{"line":48,"column":33},"end":{"line":48,"column":null}},"7":{"start":{"line":49,"column":51},"end":{"line":49,"column":88}},"8":{"start":{"line":50,"column":49},"end":{"line":50,"column":69}},"9":{"start":{"line":51,"column":8},"end":{"line":51,"column":null}},"10":{"start":{"line":53,"column":2},"end":{"line":91,"column":null}},"11":{"start":{"line":55,"column":39},"end":{"line":74,"column":null}},"12":{"start":{"line":57,"column":8},"end":{"line":57,"column":null}},"13":{"start":{"line":58,"column":8},"end":{"line":58,"column":null}},"14":{"start":{"line":59,"column":8},"end":{"line":59,"column":null}},"15":{"start":{"line":61,"column":8},"end":{"line":73,"column":null}},"16":{"start":{"line":62,"column":10},"end":{"line":64,"column":null}},"17":{"start":{"line":63,"column":12},"end":{"line":63,"column":null}},"18":{"start":{"line":67,"column":10},"end":{"line":67,"column":null}},"19":{"start":{"line":68,"column":10},"end":{"line":68,"column":null}},"20":{"start":{"line":69,"column":10},"end":{"line":69,"column":null}},"21":{"start":{"line":70,"column":10},"end":{"line":70,"column":null}},"22":{"start":{"line":72,"column":10},"end":{"line":72,"column":null}},"23":{"start":{"line":78,"column":4},"end":{"line":88,"column":null}},"24":{"start":{"line":79,"column":6},"end":{"line":79,"column":null}},"25":{"start":{"line":80,"column":6},"end":{"line":80,"column":null}},"26":{"start":{"line":81,"column":6},"end":{"line":81,"column":null}},"27":{"start":{"line":83,"column":6},"end":{"line":87,"column":null}},"28":{"start":{"line":84,"column":8},"end":{"line":84,"column":null}},"29":{"start":{"line":86,"column":8},"end":{"line":86,"column":null}},"30":{"start":{"line":90,"column":4},"end":{"line":90,"column":null}},"31":{"start":{"line":90,"column":17},"end":{"line":90,"column":null}},"32":{"start":{"line":93,"column":31},"end":{"line":225,"column":null}},"33":{"start":{"line":95,"column":4},"end":{"line":98,"column":null}},"34":{"start":{"line":96,"column":6},"end":{"line":96,"column":null}},"35":{"start":{"line":97,"column":6},"end":{"line":97,"column":null}},"36":{"start":{"line":100,"column":4},"end":{"line":100,"column":null}},"37":{"start":{"line":102,"column":4},"end":{"line":224,"column":null}},"38":{"start":{"line":104,"column":39},"end":{"line":134,"column":null}},"39":{"start":{"line":109,"column":36},"end":{"line":113,"column":null}},"40":{"start":{"line":115,"column":12},"end":{"line":115,"column":null}},"41":{"start":{"line":115,"column":23},"end":{"line":115,"column":null}},"42":{"start":{"line":116,"column":12},"end":{"line":116,"column":null}},"43":{"start":{"line":124,"column":36},"end":{"line":127,"column":null}},"44":{"start":{"line":129,"column":12},"end":{"line":129,"column":null}},"45":{"start":{"line":129,"column":23},"end":{"line":129,"column":null}},"46":{"start":{"line":130,"column":12},"end":{"line":130,"column":null}},"47":{"start":{"line":136,"column":20},"end":{"line":136,"column":null}},"48":{"start":{"line":139,"column":6},"end":{"line":163,"column":null}},"49":{"start":{"line":140,"column":8},"end":{"line":140,"column":null}},"50":{"start":{"line":141,"column":35},"end":{"line":141,"column":null}},"51":{"start":{"line":142,"column":26},"end":{"line":142,"column":null}},"52":{"start":{"line":144,"column":57},"end":{"line":152,"column":null}},"53":{"start":{"line":154,"column":8},"end":{"line":162,"column":null}},"54":{"start":{"line":155,"column":10},"end":{"line":155,"column":null}},"55":{"start":{"line":157,"column":10},"end":{"line":157,"column":null}},"56":{"start":{"line":158,"column":10},"end":{"line":158,"column":null}},"57":{"start":{"line":161,"column":10},"end":{"line":161,"column":null}},"58":{"start":{"line":166,"column":6},"end":{"line":196,"column":null}},"59":{"start":{"line":167,"column":27},"end":{"line":180,"column":null}},"60":{"start":{"line":170,"column":36},"end":{"line":174,"column":null}},"61":{"start":{"line":176,"column":12},"end":{"line":176,"column":null}},"62":{"start":{"line":176,"column":23},"end":{"line":176,"column":null}},"63":{"start":{"line":177,"column":12},"end":{"line":177,"column":null}},"64":{"start":{"line":182,"column":8},"end":{"line":195,"column":null}},"65":{"start":{"line":183,"column":37},"end":{"line":189,"column":null}},"66":{"start":{"line":192,"column":10},"end":{"line":194,"column":null}},"67":{"start":{"line":193,"column":12},"end":{"line":193,"column":null}},"68":{"start":{"line":199,"column":6},"end":{"line":199,"column":null}},"69":{"start":{"line":199,"column":19},"end":{"line":199,"column":null}},"70":{"start":{"line":200,"column":6},"end":{"line":200,"column":null}},"71":{"start":{"line":200,"column":21},"end":{"line":200,"column":null}},"72":{"start":{"line":200,"column":61},"end":{"line":200,"column":67}},"73":{"start":{"line":203,"column":6},"end":{"line":212,"column":null}},"74":{"start":{"line":204,"column":35},"end":{"line":204,"column":null}},"75":{"start":{"line":205,"column":8},"end":{"line":211,"column":null}},"76":{"start":{"line":215,"column":6},"end":{"line":218,"column":null}},"77":{"start":{"line":216,"column":8},"end":{"line":216,"column":null}},"78":{"start":{"line":217,"column":8},"end":{"line":217,"column":null}},"79":{"start":{"line":217,"column":38},"end":{"line":217,"column":null}},"80":{"start":{"line":220,"column":6},"end":{"line":220,"column":null}},"81":{"start":{"line":222,"column":6},"end":{"line":222,"column":null}},"82":{"start":{"line":223,"column":6},"end":{"line":223,"column":35}},"83":{"start":{"line":228,"column":35},"end":{"line":311,"column":null}},"84":{"start":{"line":229,"column":4},"end":{"line":310,"column":null}},"85":{"start":{"line":231,"column":33},"end":{"line":231,"column":null}},"86":{"start":{"line":232,"column":24},"end":{"line":232,"column":null}},"87":{"start":{"line":233,"column":6},"end":{"line":233,"column":null}},"88":{"start":{"line":233,"column":22},"end":{"line":233,"column":null}},"89":{"start":{"line":236,"column":53},"end":{"line":240,"column":null}},"90":{"start":{"line":242,"column":6},"end":{"line":242,"column":null}},"91":{"start":{"line":242,"column":64},"end":{"line":242,"column":null}},"92":{"start":{"line":244,"column":6},"end":{"line":244,"column":null}},"93":{"start":{"line":246,"column":6},"end":{"line":307,"column":null}},"94":{"start":{"line":248,"column":41},"end":{"line":253,"column":null}},"95":{"start":{"line":255,"column":8},"end":{"line":263,"column":null}},"96":{"start":{"line":256,"column":10},"end":{"line":256,"column":null}},"97":{"start":{"line":258,"column":10},"end":{"line":261,"column":null}},"98":{"start":{"line":262,"column":10},"end":{"line":262,"column":null}},"99":{"start":{"line":266,"column":39},"end":{"line":274,"column":null}},"100":{"start":{"line":276,"column":8},"end":{"line":279,"column":null}},"101":{"start":{"line":277,"column":10},"end":{"line":277,"column":null}},"102":{"start":{"line":278,"column":10},"end":{"line":278,"column":null}},"103":{"start":{"line":281,"column":8},"end":{"line":281,"column":null}},"104":{"start":{"line":284,"column":8},"end":{"line":298,"column":null}},"105":{"start":{"line":285,"column":39},"end":{"line":291,"column":null}},"106":{"start":{"line":293,"column":10},"end":{"line":297,"column":null}},"107":{"start":{"line":294,"column":12},"end":{"line":294,"column":null}},"108":{"start":{"line":296,"column":12},"end":{"line":296,"column":null}},"109":{"start":{"line":301,"column":8},"end":{"line":304,"column":null}},"110":{"start":{"line":306,"column":8},"end":{"line":306,"column":null}},"111":{"start":{"line":309,"column":6},"end":{"line":309,"column":null}},"112":{"start":{"line":313,"column":25},"end":{"line":338,"column":null}},"113":{"start":{"line":314,"column":4},"end":{"line":314,"column":null}},"114":{"start":{"line":314,"column":19},"end":{"line":314,"column":null}},"115":{"start":{"line":315,"column":4},"end":{"line":337,"column":null}},"116":{"start":{"line":317,"column":6},"end":{"line":317,"column":null}},"117":{"start":{"line":319,"column":19},"end":{"line":332,"column":null}},"118":{"start":{"line":322,"column":34},"end":{"line":326,"column":null}},"119":{"start":{"line":328,"column":10},"end":{"line":328,"column":null}},"120":{"start":{"line":328,"column":21},"end":{"line":328,"column":null}},"121":{"start":{"line":329,"column":10},"end":{"line":329,"column":null}},"122":{"start":{"line":334,"column":6},"end":{"line":334,"column":null}},"123":{"start":{"line":334,"column":16},"end":{"line":334,"column":null}},"124":{"start":{"line":336,"column":6},"end":{"line":336,"column":null}},"125":{"start":{"line":340,"column":24},"end":{"line":350,"column":null}},"126":{"start":{"line":341,"column":4},"end":{"line":341,"column":null}},"127":{"start":{"line":342,"column":28},"end":{"line":347,"column":null}},"128":{"start":{"line":348,"column":4},"end":{"line":348,"column":null}},"129":{"start":{"line":349,"column":4},"end":{"line":349,"column":null}},"130":{"start":{"line":352,"column":20},"end":{"line":397,"column":null}},"131":{"start":{"line":354,"column":23},"end":{"line":354,"column":null}},"132":{"start":{"line":355,"column":23},"end":{"line":355,"column":null}},"133":{"start":{"line":357,"column":4},"end":{"line":357,"column":null}},"134":{"start":{"line":360,"column":17},"end":{"line":364,"column":null}},"135":{"start":{"line":367,"column":4},"end":{"line":393,"column":null}},"136":{"start":{"line":368,"column":6},"end":{"line":368,"column":null}},"137":{"start":{"line":370,"column":27},"end":{"line":374,"column":null}},"138":{"start":{"line":377,"column":6},"end":{"line":392,"column":null}},"139":{"start":{"line":378,"column":8},"end":{"line":378,"column":null}},"140":{"start":{"line":382,"column":8},"end":{"line":382,"column":null}},"141":{"start":{"line":383,"column":31},"end":{"line":387,"column":null}},"142":{"start":{"line":389,"column":8},"end":{"line":391,"column":null}},"143":{"start":{"line":390,"column":10},"end":{"line":390,"column":null}},"144":{"start":{"line":395,"column":4},"end":{"line":395,"column":null}},"145":{"start":{"line":396,"column":4},"end":{"line":396,"column":null}},"146":{"start":{"line":399,"column":27},"end":{"line":409,"column":null}},"147":{"start":{"line":400,"column":24},"end":{"line":400,"column":52}},"148":{"start":{"line":402,"column":22},"end":{"line":407,"column":null}},"149":{"start":{"line":408,"column":4},"end":{"line":408,"column":null}},"150":{"start":{"line":411,"column":18},"end":{"line":416,"column":null}},"151":{"start":{"line":412,"column":4},"end":{"line":412,"column":null}},"152":{"start":{"line":414,"column":4},"end":{"line":414,"column":null}},"153":{"start":{"line":415,"column":4},"end":{"line":415,"column":null}},"154":{"start":{"line":418,"column":18},"end":{"line":418,"column":null}},"155":{"start":{"line":418,"column":36},"end":{"line":418,"column":null}},"156":{"start":{"line":420,"column":26},"end":{"line":420,"column":null}},"157":{"start":{"line":422,"column":26},"end":{"line":425,"column":null}},"158":{"start":{"line":423,"column":4},"end":{"line":423,"column":null}},"159":{"start":{"line":423,"column":33},"end":{"line":423,"column":null}},"160":{"start":{"line":424,"column":4},"end":{"line":424,"column":null}},"161":{"start":{"line":427,"column":33},"end":{"line":441,"column":null}},"162":{"start":{"line":443,"column":2},"end":{"line":445,"column":null}},"163":{"start":{"line":450,"column":30},"end":{"line":456,"column":null}},"164":{"start":{"line":451,"column":8},"end":{"line":451,"column":null}},"165":{"start":{"line":452,"column":2},"end":{"line":454,"column":null}},"166":{"start":{"line":453,"column":4},"end":{"line":453,"column":null}},"167":{"start":{"line":455,"column":2},"end":{"line":455,"column":null}}},"fnMap":{"0":{"name":"(anonymous_0)","decl":{"start":{"line":43,"column":28},"end":{"line":43,"column":29}},"loc":{"start":{"line":43,"column":66},"end":{"line":448,"column":null}},"line":43},"1":{"name":"(anonymous_1)","decl":{"start":{"line":53,"column":12},"end":{"line":53,"column":null}},"loc":{"start":{"line":53,"column":12},"end":{"line":91,"column":5}},"line":53},"2":{"name":"(anonymous_2)","decl":{"start":{"line":56,"column":6},"end":{"line":56,"column":7}},"loc":{"start":{"line":56,"column":14},"end":{"line":74,"column":null}},"line":56},"3":{"name":"(anonymous_3)","decl":{"start":{"line":62,"column":21},"end":{"line":62,"column":null}},"loc":{"start":{"line":62,"column":21},"end":{"line":64,"column":13}},"line":62},"4":{"name":"(anonymous_4)","decl":{"start":{"line":78,"column":36},"end":{"line":78,"column":37}},"loc":{"start":{"line":78,"column":58},"end":{"line":88,"column":null}},"line":78},"5":{"name":"(anonymous_5)","decl":{"start":{"line":90,"column":11},"end":{"line":90,"column":17}},"loc":{"start":{"line":90,"column":17},"end":{"line":90,"column":null}},"line":90},"6":{"name":"(anonymous_6)","decl":{"start":{"line":93,"column":31},"end":{"line":93,"column":38}},"loc":{"start":{"line":93,"column":38},"end":{"line":225,"column":null}},"line":93},"7":{"name":"(anonymous_7)","decl":{"start":{"line":108,"column":19},"end":{"line":108,"column":null}},"loc":{"start":{"line":108,"column":19},"end":{"line":117,"column":null}},"line":108},"8":{"name":"(anonymous_8)","decl":{"start":{"line":123,"column":19},"end":{"line":123,"column":null}},"loc":{"start":{"line":123,"column":19},"end":{"line":131,"column":null}},"line":123},"9":{"name":"(anonymous_9)","decl":{"start":{"line":169,"column":19},"end":{"line":169,"column":null}},"loc":{"start":{"line":169,"column":19},"end":{"line":178,"column":null}},"line":169},"10":{"name":"(anonymous_10)","decl":{"start":{"line":200,"column":44},"end":{"line":200,"column":45}},"loc":{"start":{"line":200,"column":61},"end":{"line":200,"column":67}},"line":200},"11":{"name":"(anonymous_11)","decl":{"start":{"line":217,"column":30},"end":{"line":217,"column":38}},"loc":{"start":{"line":217,"column":38},"end":{"line":217,"column":null}},"line":217},"12":{"name":"(anonymous_12)","decl":{"start":{"line":228,"column":35},"end":{"line":228,"column":42}},"loc":{"start":{"line":228,"column":58},"end":{"line":311,"column":null}},"line":228},"13":{"name":"(anonymous_13)","decl":{"start":{"line":313,"column":25},"end":{"line":313,"column":null}},"loc":{"start":{"line":313,"column":25},"end":{"line":338,"column":null}},"line":313},"14":{"name":"(anonymous_14)","decl":{"start":{"line":321,"column":17},"end":{"line":321,"column":null}},"loc":{"start":{"line":321,"column":17},"end":{"line":330,"column":null}},"line":321},"15":{"name":"(anonymous_15)","decl":{"start":{"line":340,"column":24},"end":{"line":340,"column":31}},"loc":{"start":{"line":340,"column":31},"end":{"line":350,"column":null}},"line":340},"16":{"name":"(anonymous_16)","decl":{"start":{"line":352,"column":20},"end":{"line":352,"column":27}},"loc":{"start":{"line":352,"column":42},"end":{"line":397,"column":null}},"line":352},"17":{"name":"(anonymous_17)","decl":{"start":{"line":399,"column":27},"end":{"line":399,"column":null}},"loc":{"start":{"line":399,"column":27},"end":{"line":409,"column":null}},"line":399},"18":{"name":"(anonymous_18)","decl":{"start":{"line":411,"column":18},"end":{"line":411,"column":null}},"loc":{"start":{"line":411,"column":18},"end":{"line":416,"column":null}},"line":411},"19":{"name":"(anonymous_19)","decl":{"start":{"line":418,"column":18},"end":{"line":418,"column":19}},"loc":{"start":{"line":418,"column":36},"end":{"line":418,"column":null}},"line":418},"20":{"name":"(anonymous_20)","decl":{"start":{"line":422,"column":26},"end":{"line":422,"column":null}},"loc":{"start":{"line":422,"column":26},"end":{"line":425,"column":null}},"line":422},"21":{"name":"(anonymous_21)","decl":{"start":{"line":450,"column":30},"end":{"line":450,"column":null}},"loc":{"start":{"line":450,"column":30},"end":{"line":456,"column":null}},"line":450}},"branchMap":{"0":{"loc":{"start":{"line":59,"column":16},"end":{"line":59,"column":null}},"type":"binary-expr","locations":[{"start":{"line":59,"column":16},"end":{"line":59,"column":33}},{"start":{"line":59,"column":33},"end":{"line":59,"column":null}}],"line":59},"1":{"loc":{"start":{"line":61,"column":8},"end":{"line":73,"column":null}},"type":"if","locations":[{"start":{"line":61,"column":8},"end":{"line":73,"column":null}},{"start":{"line":65,"column":15},"end":{"line":73,"column":null}}],"line":61},"2":{"loc":{"start":{"line":79,"column":60},"end":{"line":79,"column":null}},"type":"binary-expr","locations":[{"start":{"line":79,"column":60},"end":{"line":79,"column":84}},{"start":{"line":79,"column":84},"end":{"line":79,"column":null}}],"line":79},"3":{"loc":{"start":{"line":81,"column":14},"end":{"line":81,"column":null}},"type":"binary-expr","locations":[{"start":{"line":81,"column":14},"end":{"line":81,"column":31}},{"start":{"line":81,"column":31},"end":{"line":81,"column":null}}],"line":81},"4":{"loc":{"start":{"line":83,"column":6},"end":{"line":87,"column":null}},"type":"if","locations":[{"start":{"line":83,"column":6},"end":{"line":87,"column":null}},{"start":{"line":85,"column":13},"end":{"line":87,"column":null}}],"line":83},"5":{"loc":{"start":{"line":95,"column":4},"end":{"line":98,"column":null}},"type":"if","locations":[{"start":{"line":95,"column":4},"end":{"line":98,"column":null}},{"start":{},"end":{}}],"line":95},"6":{"loc":{"start":{"line":115,"column":12},"end":{"line":115,"column":null}},"type":"if","locations":[{"start":{"line":115,"column":12},"end":{"line":115,"column":null}},{"start":{},"end":{}}],"line":115},"7":{"loc":{"start":{"line":129,"column":12},"end":{"line":129,"column":null}},"type":"if","locations":[{"start":{"line":129,"column":12},"end":{"line":129,"column":null}},{"start":{},"end":{}}],"line":129},"8":{"loc":{"start":{"line":130,"column":19},"end":{"line":130,"column":29}},"type":"binary-expr","locations":[{"start":{"line":130,"column":19},"end":{"line":130,"column":27}},{"start":{"line":130,"column":27},"end":{"line":130,"column":29}}],"line":130},"9":{"loc":{"start":{"line":139,"column":6},"end":{"line":163,"column":null}},"type":"if","locations":[{"start":{"line":139,"column":6},"end":{"line":163,"column":null}},{"start":{},"end":{}}],"line":139},"10":{"loc":{"start":{"line":154,"column":8},"end":{"line":162,"column":null}},"type":"if","locations":[{"start":{"line":154,"column":8},"end":{"line":162,"column":null}},{"start":{"line":156,"column":15},"end":{"line":162,"column":null}}],"line":154},"11":{"loc":{"start":{"line":166,"column":6},"end":{"line":196,"column":null}},"type":"if","locations":[{"start":{"line":166,"column":6},"end":{"line":196,"column":null}},{"start":{},"end":{}}],"line":166},"12":{"loc":{"start":{"line":176,"column":12},"end":{"line":176,"column":null}},"type":"if","locations":[{"start":{"line":176,"column":12},"end":{"line":176,"column":null}},{"start":{},"end":{}}],"line":176},"13":{"loc":{"start":{"line":182,"column":8},"end":{"line":195,"column":null}},"type":"if","locations":[{"start":{"line":182,"column":8},"end":{"line":195,"column":null}},{"start":{},"end":{}}],"line":182},"14":{"loc":{"start":{"line":192,"column":10},"end":{"line":194,"column":null}},"type":"if","locations":[{"start":{"line":192,"column":10},"end":{"line":194,"column":null}},{"start":{},"end":{}}],"line":192},"15":{"loc":{"start":{"line":199,"column":6},"end":{"line":199,"column":null}},"type":"if","locations":[{"start":{"line":199,"column":6},"end":{"line":199,"column":null}},{"start":{},"end":{}}],"line":199},"16":{"loc":{"start":{"line":200,"column":6},"end":{"line":200,"column":null}},"type":"if","locations":[{"start":{"line":200,"column":6},"end":{"line":200,"column":null}},{"start":{},"end":{}}],"line":200},"17":{"loc":{"start":{"line":203,"column":6},"end":{"line":212,"column":null}},"type":"if","locations":[{"start":{"line":203,"column":6},"end":{"line":212,"column":null}},{"start":{},"end":{}}],"line":203},"18":{"loc":{"start":{"line":208,"column":20},"end":{"line":210,"column":null}},"type":"cond-expr","locations":[{"start":{"line":209,"column":14},"end":{"line":209,"column":58}},{"start":{"line":210,"column":14},"end":{"line":210,"column":null}}],"line":208},"19":{"loc":{"start":{"line":208,"column":20},"end":{"line":208,"column":59}},"type":"binary-expr","locations":[{"start":{"line":208,"column":20},"end":{"line":208,"column":38}},{"start":{"line":208,"column":42},"end":{"line":208,"column":59}}],"line":208},"20":{"loc":{"start":{"line":215,"column":6},"end":{"line":218,"column":null}},"type":"if","locations":[{"start":{"line":215,"column":6},"end":{"line":218,"column":null}},{"start":{},"end":{}}],"line":215},"21":{"loc":{"start":{"line":215,"column":10},"end":{"line":215,"column":54}},"type":"binary-expr","locations":[{"start":{"line":215,"column":10},"end":{"line":215,"column":21}},{"start":{"line":215,"column":21},"end":{"line":215,"column":54}}],"line":215},"22":{"loc":{"start":{"line":233,"column":6},"end":{"line":233,"column":null}},"type":"if","locations":[{"start":{"line":233,"column":6},"end":{"line":233,"column":null}},{"start":{},"end":{}}],"line":233},"23":{"loc":{"start":{"line":242,"column":6},"end":{"line":242,"column":null}},"type":"if","locations":[{"start":{"line":242,"column":6},"end":{"line":242,"column":null}},{"start":{},"end":{}}],"line":242},"24":{"loc":{"start":{"line":242,"column":10},"end":{"line":242,"column":64}},"type":"binary-expr","locations":[{"start":{"line":242,"column":10},"end":{"line":242,"column":22}},{"start":{"line":242,"column":22},"end":{"line":242,"column":38}},{"start":{"line":242,"column":38},"end":{"line":242,"column":64}}],"line":242},"25":{"loc":{"start":{"line":255,"column":8},"end":{"line":263,"column":null}},"type":"if","locations":[{"start":{"line":255,"column":8},"end":{"line":263,"column":null}},{"start":{},"end":{}}],"line":255},"26":{"loc":{"start":{"line":271,"column":18},"end":{"line":271,"column":null}},"type":"binary-expr","locations":[{"start":{"line":271,"column":18},"end":{"line":271,"column":26}},{"start":{"line":271,"column":30},"end":{"line":271,"column":null}}],"line":271},"27":{"loc":{"start":{"line":276,"column":8},"end":{"line":279,"column":null}},"type":"if","locations":[{"start":{"line":276,"column":8},"end":{"line":279,"column":null}},{"start":{},"end":{}}],"line":276},"28":{"loc":{"start":{"line":284,"column":8},"end":{"line":298,"column":null}},"type":"if","locations":[{"start":{"line":284,"column":8},"end":{"line":298,"column":null}},{"start":{},"end":{}}],"line":284},"29":{"loc":{"start":{"line":293,"column":10},"end":{"line":297,"column":null}},"type":"if","locations":[{"start":{"line":293,"column":10},"end":{"line":297,"column":null}},{"start":{"line":295,"column":17},"end":{"line":297,"column":null}}],"line":293},"30":{"loc":{"start":{"line":314,"column":4},"end":{"line":314,"column":null}},"type":"if","locations":[{"start":{"line":314,"column":4},"end":{"line":314,"column":null}},{"start":{},"end":{}}],"line":314},"31":{"loc":{"start":{"line":328,"column":10},"end":{"line":328,"column":null}},"type":"if","locations":[{"start":{"line":328,"column":10},"end":{"line":328,"column":null}},{"start":{},"end":{}}],"line":328},"32":{"loc":{"start":{"line":334,"column":6},"end":{"line":334,"column":null}},"type":"if","locations":[{"start":{"line":334,"column":6},"end":{"line":334,"column":null}},{"start":{},"end":{}}],"line":334},"33":{"loc":{"start":{"line":367,"column":4},"end":{"line":393,"column":null}},"type":"if","locations":[{"start":{"line":367,"column":4},"end":{"line":393,"column":null}},{"start":{},"end":{}}],"line":367},"34":{"loc":{"start":{"line":377,"column":6},"end":{"line":392,"column":null}},"type":"if","locations":[{"start":{"line":377,"column":6},"end":{"line":392,"column":null}},{"start":{"line":379,"column":13},"end":{"line":392,"column":null}}],"line":377},"35":{"loc":{"start":{"line":389,"column":8},"end":{"line":391,"column":null}},"type":"if","locations":[{"start":{"line":389,"column":8},"end":{"line":391,"column":null}},{"start":{},"end":{}}],"line":389},"36":{"loc":{"start":{"line":420,"column":26},"end":{"line":420,"column":null}},"type":"cond-expr","locations":[{"start":{"line":420,"column":36},"end":{"line":420,"column":65}},{"start":{"line":420,"column":68},"end":{"line":420,"column":null}}],"line":420},"37":{"loc":{"start":{"line":423,"column":4},"end":{"line":423,"column":null}},"type":"if","locations":[{"start":{"line":423,"column":4},"end":{"line":423,"column":null}},{"start":{},"end":{}}],"line":423},"38":{"loc":{"start":{"line":452,"column":2},"end":{"line":454,"column":null}},"type":"if","locations":[{"start":{"line":452,"column":2},"end":{"line":454,"column":null}},{"start":{},"end":{}}],"line":452}},"s":{"0":3,"1":3,"2":0,"3":0,"4":0,"5":0,"6":0,"7":0,"8":0,"9":0,"10":0,"11":0,"12":0,"13":0,"14":0,"15":0,"16":0,"17":0,"18":0,"19":0,"20":0,"21":0,"22":0,"23":0,"24":0,"25":0,"26":0,"27":0,"28":0,"29":0,"30":0,"31":0,"32":0,"33":0,"34":0,"35":0,"36":0,"37":0,"38":0,"39":0,"40":0,"41":0,"42":0,"43":0,"44":0,"45":0,"46":0,"47":0,"48":0,"49":0,"50":0,"51":0,"52":0,"53":0,"54":0,"55":0,"56":0,"57":0,"58":0,"59":0,"60":0,"61":0,"62":0,"63":0,"64":0,"65":0,"66":0,"67":0,"68":0,"69":0,"70":0,"71":0,"72":0,"73":0,"74":0,"75":0,"76":0,"77":0,"78":0,"79":0,"80":0,"81":0,"82":0,"83":0,"84":0,"85":0,"86":0,"87":0,"88":0,"89":0,"90":0,"91":0,"92":0,"93":0,"94":0,"95":0,"96":0,"97":0,"98":0,"99":0,"100":0,"101":0,"102":0,"103":0,"104":0,"105":0,"106":0,"107":0,"108":0,"109":0,"110":0,"111":0,"112":0,"113":0,"114":0,"115":0,"116":0,"117":0,"118":0,"119":0,"120":0,"121":0,"122":0,"123":0,"124":0,"125":0,"126":0,"127":0,"128":0,"129":0,"130":0,"131":0,"132":0,"133":0,"134":0,"135":0,"136":0,"137":0,"138":0,"139":0,"140":0,"141":0,"142":0,"143":0,"144":0,"145":0,"146":0,"147":0,"148":0,"149":0,"150":0,"151":0,"152":0,"153":0,"154":0,"155":0,"156":0,"157":0,"158":0,"159":0,"160":0,"161":0,"162":0,"163":3,"164":0,"165":0,"166":0,"167":0},"f":{"0":0,"1":0,"2":0,"3":0,"4":0,"5":0,"6":0,"7":0,"8":0,"9":0,"10":0,"11":0,"12":0,"13":0,"14":0,"15":0,"16":0,"17":0,"18":0,"19":0,"20":0,"21":0},"b":{"0":[0,0],"1":[0,0],"2":[0,0],"3":[0,0],"4":[0,0],"5":[0,0],"6":[0,0],"7":[0,0],"8":[0,0],"9":[0,0],"10":[0,0],"11":[0,0],"12":[0,0],"13":[0,0],"14":[0,0],"15":[0,0],"16":[0,0],"17":[0,0],"18":[0,0],"19":[0,0],"20":[0,0],"21":[0,0],"22":[0,0],"23":[0,0],"24":[0,0,0],"25":[0,0],"26":[0,0],"27":[0,0],"28":[0,0],"29":[0,0],"30":[0,0],"31":[0,0],"32":[0,0],"33":[0,0],"34":[0,0],"35":[0,0],"36":[0,0],"37":[0,0],"38":[0,0]},"meta":{"lastBranch":39,"lastFunction":22,"lastStatement":168,"seen":{"s:41:6:41:Infinity":0,"s:43:28:448:Infinity":1,"f:43:28:43:29":0,"s:44:23:44:Infinity":2,"s:45:29:45:Infinity":3,"s:46:29:46:Infinity":4,"s:47:25:47:Infinity":5,"s:48:33:48:Infinity":6,"s:49:51:49:88":7,"s:50:49:50:69":8,"s:51:8:51:Infinity":9,"s:53:2:91:Infinity":10,"f:53:12:53:Infinity":1,"s:55:39:74:Infinity":11,"f:56:6:56:7":2,"s:57:8:57:Infinity":12,"s:58:8:58:Infinity":13,"s:59:8:59:Infinity":14,"b:59:16:59:33:59:33:59:Infinity":0,"b:61:8:73:Infinity:65:15:73:Infinity":1,"s:61:8:73:Infinity":15,"s:62:10:64:Infinity":16,"f:62:21:62:Infinity":3,"s:63:12:63:Infinity":17,"s:67:10:67:Infinity":18,"s:68:10:68:Infinity":19,"s:69:10:69:Infinity":20,"s:70:10:70:Infinity":21,"s:72:10:72:Infinity":22,"s:78:4:88:Infinity":23,"f:78:36:78:37":4,"s:79:6:79:Infinity":24,"b:79:60:79:84:79:84:79:Infinity":2,"s:80:6:80:Infinity":25,"s:81:6:81:Infinity":26,"b:81:14:81:31:81:31:81:Infinity":3,"b:83:6:87:Infinity:85:13:87:Infinity":4,"s:83:6:87:Infinity":27,"s:84:8:84:Infinity":28,"s:86:8:86:Infinity":29,"s:90:4:90:Infinity":30,"f:90:11:90:17":5,"s:90:17:90:Infinity":31,"s:93:31:225:Infinity":32,"f:93:31:93:38":6,"b:95:4:98:Infinity:undefined:undefined:undefined:undefined":5,"s:95:4:98:Infinity":33,"s:96:6:96:Infinity":34,"s:97:6:97:Infinity":35,"s:100:4:100:Infinity":36,"s:102:4:224:Infinity":37,"s:104:39:134:Infinity":38,"f:108:19:108:Infinity":7,"s:109:36:113:Infinity":39,"b:115:12:115:Infinity:undefined:undefined:undefined:undefined":6,"s:115:12:115:Infinity":40,"s:115:23:115:Infinity":41,"s:116:12:116:Infinity":42,"f:123:19:123:Infinity":8,"s:124:36:127:Infinity":43,"b:129:12:129:Infinity:undefined:undefined:undefined:undefined":7,"s:129:12:129:Infinity":44,"s:129:23:129:Infinity":45,"s:130:12:130:Infinity":46,"b:130:19:130:27:130:27:130:29":8,"s:136:20:136:Infinity":47,"b:139:6:163:Infinity:undefined:undefined:undefined:undefined":9,"s:139:6:163:Infinity":48,"s:140:8:140:Infinity":49,"s:141:35:141:Infinity":50,"s:142:26:142:Infinity":51,"s:144:57:152:Infinity":52,"b:154:8:162:Infinity:156:15:162:Infinity":10,"s:154:8:162:Infinity":53,"s:155:10:155:Infinity":54,"s:157:10:157:Infinity":55,"s:158:10:158:Infinity":56,"s:161:10:161:Infinity":57,"b:166:6:196:Infinity:undefined:undefined:undefined:undefined":11,"s:166:6:196:Infinity":58,"s:167:27:180:Infinity":59,"f:169:19:169:Infinity":9,"s:170:36:174:Infinity":60,"b:176:12:176:Infinity:undefined:undefined:undefined:undefined":12,"s:176:12:176:Infinity":61,"s:176:23:176:Infinity":62,"s:177:12:177:Infinity":63,"b:182:8:195:Infinity:undefined:undefined:undefined:undefined":13,"s:182:8:195:Infinity":64,"s:183:37:189:Infinity":65,"b:192:10:194:Infinity:undefined:undefined:undefined:undefined":14,"s:192:10:194:Infinity":66,"s:193:12:193:Infinity":67,"b:199:6:199:Infinity:undefined:undefined:undefined:undefined":15,"s:199:6:199:Infinity":68,"s:199:19:199:Infinity":69,"b:200:6:200:Infinity:undefined:undefined:undefined:undefined":16,"s:200:6:200:Infinity":70,"s:200:21:200:Infinity":71,"f:200:44:200:45":10,"s:200:61:200:67":72,"b:203:6:212:Infinity:undefined:undefined:undefined:undefined":17,"s:203:6:212:Infinity":73,"s:204:35:204:Infinity":74,"s:205:8:211:Infinity":75,"b:209:14:209:58:210:14:210:Infinity":18,"b:208:20:208:38:208:42:208:59":19,"b:215:6:218:Infinity:undefined:undefined:undefined:undefined":20,"s:215:6:218:Infinity":76,"b:215:10:215:21:215:21:215:54":21,"s:216:8:216:Infinity":77,"s:217:8:217:Infinity":78,"f:217:30:217:38":11,"s:217:38:217:Infinity":79,"s:220:6:220:Infinity":80,"s:222:6:222:Infinity":81,"s:223:6:223:35":82,"s:228:35:311:Infinity":83,"f:228:35:228:42":12,"s:229:4:310:Infinity":84,"s:231:33:231:Infinity":85,"s:232:24:232:Infinity":86,"b:233:6:233:Infinity:undefined:undefined:undefined:undefined":22,"s:233:6:233:Infinity":87,"s:233:22:233:Infinity":88,"s:236:53:240:Infinity":89,"b:242:6:242:Infinity:undefined:undefined:undefined:undefined":23,"s:242:6:242:Infinity":90,"b:242:10:242:22:242:22:242:38:242:38:242:64":24,"s:242:64:242:Infinity":91,"s:244:6:244:Infinity":92,"s:246:6:307:Infinity":93,"s:248:41:253:Infinity":94,"b:255:8:263:Infinity:undefined:undefined:undefined:undefined":25,"s:255:8:263:Infinity":95,"s:256:10:256:Infinity":96,"s:258:10:261:Infinity":97,"s:262:10:262:Infinity":98,"s:266:39:274:Infinity":99,"b:271:18:271:26:271:30:271:Infinity":26,"b:276:8:279:Infinity:undefined:undefined:undefined:undefined":27,"s:276:8:279:Infinity":100,"s:277:10:277:Infinity":101,"s:278:10:278:Infinity":102,"s:281:8:281:Infinity":103,"b:284:8:298:Infinity:undefined:undefined:undefined:undefined":28,"s:284:8:298:Infinity":104,"s:285:39:291:Infinity":105,"b:293:10:297:Infinity:295:17:297:Infinity":29,"s:293:10:297:Infinity":106,"s:294:12:294:Infinity":107,"s:296:12:296:Infinity":108,"s:301:8:304:Infinity":109,"s:306:8:306:Infinity":110,"s:309:6:309:Infinity":111,"s:313:25:338:Infinity":112,"f:313:25:313:Infinity":13,"b:314:4:314:Infinity:undefined:undefined:undefined:undefined":30,"s:314:4:314:Infinity":113,"s:314:19:314:Infinity":114,"s:315:4:337:Infinity":115,"s:317:6:317:Infinity":116,"s:319:19:332:Infinity":117,"f:321:17:321:Infinity":14,"s:322:34:326:Infinity":118,"b:328:10:328:Infinity:undefined:undefined:undefined:undefined":31,"s:328:10:328:Infinity":119,"s:328:21:328:Infinity":120,"s:329:10:329:Infinity":121,"b:334:6:334:Infinity:undefined:undefined:undefined:undefined":32,"s:334:6:334:Infinity":122,"s:334:16:334:Infinity":123,"s:336:6:336:Infinity":124,"s:340:24:350:Infinity":125,"f:340:24:340:31":15,"s:341:4:341:Infinity":126,"s:342:28:347:Infinity":127,"s:348:4:348:Infinity":128,"s:349:4:349:Infinity":129,"s:352:20:397:Infinity":130,"f:352:20:352:27":16,"s:354:23:354:Infinity":131,"s:355:23:355:Infinity":132,"s:357:4:357:Infinity":133,"s:360:17:364:Infinity":134,"b:367:4:393:Infinity:undefined:undefined:undefined:undefined":33,"s:367:4:393:Infinity":135,"s:368:6:368:Infinity":136,"s:370:27:374:Infinity":137,"b:377:6:392:Infinity:379:13:392:Infinity":34,"s:377:6:392:Infinity":138,"s:378:8:378:Infinity":139,"s:382:8:382:Infinity":140,"s:383:31:387:Infinity":141,"b:389:8:391:Infinity:undefined:undefined:undefined:undefined":35,"s:389:8:391:Infinity":142,"s:390:10:390:Infinity":143,"s:395:4:395:Infinity":144,"s:396:4:396:Infinity":145,"s:399:27:409:Infinity":146,"f:399:27:399:Infinity":17,"s:400:24:400:52":147,"s:402:22:407:Infinity":148,"s:408:4:408:Infinity":149,"s:411:18:416:Infinity":150,"f:411:18:411:Infinity":18,"s:412:4:412:Infinity":151,"s:414:4:414:Infinity":152,"s:415:4:415:Infinity":153,"s:418:18:418:Infinity":154,"f:418:18:418:19":19,"s:418:36:418:Infinity":155,"s:420:26:420:Infinity":156,"b:420:36:420:65:420:68:420:Infinity":36,"s:422:26:425:Infinity":157,"f:422:26:422:Infinity":20,"b:423:4:423:Infinity:undefined:undefined:undefined:undefined":37,"s:423:4:423:Infinity":158,"s:423:33:423:Infinity":159,"s:424:4:424:Infinity":160,"s:427:33:441:Infinity":161,"s:443:2:445:Infinity":162,"s:450:30:456:Infinity":163,"f:450:30:450:Infinity":21,"s:451:8:451:Infinity":164,"b:452:2:454:Infinity:undefined:undefined:undefined:undefined":38,"s:452:2:454:Infinity":165,"s:453:4:453:Infinity":166,"s:455:2:455:Infinity":167}}}
,"/Users/harry/Documents/CitizenVitae/citizen-vitae-app/src/integrations/supabase/client.ts": {"path":"/Users/harry/Documents/CitizenVitae/citizen-vitae-app/src/integrations/supabase/client.ts","statementMap":{"0":{"start":{"line":7,"column":21},"end":{"line":7,"column":null}},"1":{"start":{"line":8,"column":33},"end":{"line":8,"column":null}},"2":{"start":{"line":13,"column":13},"end":{"line":19,"column":null}}},"fnMap":{},"branchMap":{"0":{"loc":{"start":{"line":7,"column":21},"end":{"line":7,"column":null}},"type":"binary-expr","locations":[{"start":{"line":7,"column":21},"end":{"line":7,"column":54}},{"start":{"line":7,"column":58},"end":{"line":7,"column":null}}],"line":7},"1":{"loc":{"start":{"line":8,"column":33},"end":{"line":8,"column":null}},"type":"binary-expr","locations":[{"start":{"line":8,"column":33},"end":{"line":8,"column":78}},{"start":{"line":8,"column":82},"end":{"line":8,"column":null}}],"line":8}},"s":{"0":2,"1":2,"2":2},"f":{},"b":{"0":[2,0],"1":[2,0]},"meta":{"lastBranch":2,"lastFunction":0,"lastStatement":3,"seen":{"s:7:21:7:Infinity":0,"b:7:21:7:54:7:58:7:Infinity":0,"s:8:33:8:Infinity":1,"b:8:33:8:78:8:82:8:Infinity":1,"s:13:13:19:Infinity":2}}}
,"/Users/harry/Documents/CitizenVitae/citizen-vitae-app/src/lib/logger.ts": {"path":"/Users/harry/Documents/CitizenVitae/citizen-vitae-app/src/lib/logger.ts","statementMap":{"0":{"start":{"line":8,"column":14},"end":{"line":8,"column":33}},"1":{"start":{"line":10,"column":22},"end":{"line":54,"column":null}},"2":{"start":{"line":15,"column":4},"end":{"line":17,"column":null}},"3":{"start":{"line":16,"column":6},"end":{"line":16,"column":null}},"4":{"start":{"line":24,"column":4},"end":{"line":24,"column":null}},"5":{"start":{"line":32,"column":4},"end":{"line":34,"column":null}},"6":{"start":{"line":33,"column":6},"end":{"line":33,"column":null}},"7":{"start":{"line":41,"column":4},"end":{"line":43,"column":null}},"8":{"start":{"line":42,"column":6},"end":{"line":42,"column":null}},"9":{"start":{"line":50,"column":4},"end":{"line":52,"column":null}},"10":{"start":{"line":51,"column":6},"end":{"line":51,"column":null}}},"fnMap":{"0":{"name":"(anonymous_0)","decl":{"start":{"line":14,"column":7},"end":{"line":14,"column":8}},"loc":{"start":{"line":14,"column":11},"end":{"line":18,"column":null}},"line":14},"1":{"name":"(anonymous_1)","decl":{"start":{"line":23,"column":9},"end":{"line":23,"column":10}},"loc":{"start":{"line":23,"column":13},"end":{"line":26,"column":null}},"line":23},"2":{"name":"(anonymous_2)","decl":{"start":{"line":31,"column":8},"end":{"line":31,"column":9}},"loc":{"start":{"line":31,"column":12},"end":{"line":35,"column":null}},"line":31},"3":{"name":"(anonymous_3)","decl":{"start":{"line":40,"column":9},"end":{"line":40,"column":10}},"loc":{"start":{"line":40,"column":13},"end":{"line":44,"column":null}},"line":40},"4":{"name":"(anonymous_4)","decl":{"start":{"line":49,"column":8},"end":{"line":49,"column":9}},"loc":{"start":{"line":49,"column":29},"end":{"line":53,"column":null}},"line":49}},"branchMap":{"0":{"loc":{"start":{"line":15,"column":4},"end":{"line":17,"column":null}},"type":"if","locations":[{"start":{"line":15,"column":4},"end":{"line":17,"column":null}},{"start":{},"end":{}}],"line":15},"1":{"loc":{"start":{"line":32,"column":4},"end":{"line":34,"column":null}},"type":"if","locations":[{"start":{"line":32,"column":4},"end":{"line":34,"column":null}},{"start":{},"end":{}}],"line":32},"2":{"loc":{"start":{"line":41,"column":4},"end":{"line":43,"column":null}},"type":"if","locations":[{"start":{"line":41,"column":4},"end":{"line":43,"column":null}},{"start":{},"end":{}}],"line":41},"3":{"loc":{"start":{"line":50,"column":4},"end":{"line":52,"column":null}},"type":"if","locations":[{"start":{"line":50,"column":4},"end":{"line":52,"column":null}},{"start":{},"end":{}}],"line":50}},"s":{"0":2,"1":2,"2":0,"3":0,"4":0,"5":0,"6":0,"7":0,"8":0,"9":0,"10":0},"f":{"0":0,"1":0,"2":0,"3":0,"4":0},"b":{"0":[0,0],"1":[0,0],"2":[0,0],"3":[0,0]},"meta":{"lastBranch":4,"lastFunction":5,"lastStatement":11,"seen":{"s:8:14:8:33":0,"s:10:22:54:Infinity":1,"f:14:7:14:8":0,"b:15:4:17:Infinity:undefined:undefined:undefined:undefined":0,"s:15:4:17:Infinity":2,"s:16:6:16:Infinity":3,"f:23:9:23:10":1,"s:24:4:24:Infinity":4,"f:31:8:31:9":2,"b:32:4:34:Infinity:undefined:undefined:undefined:undefined":1,"s:32:4:34:Infinity":5,"s:33:6:33:Infinity":6,"f:40:9:40:10":3,"b:41:4:43:Infinity:undefined:undefined:undefined:undefined":2,"s:41:4:43:Infinity":7,"s:42:6:42:Infinity":8,"f:49:8:49:9":4,"b:50:4:52:Infinity:undefined:undefined:undefined:undefined":3,"s:50:4:52:Infinity":9,"s:51:6:51:Infinity":10}}}
,"/Users/harry/Documents/CitizenVitae/citizen-vitae-app/src/lib/queryClient.ts": {"path":"/Users/harry/Documents/CitizenVitae/citizen-vitae-app/src/lib/queryClient.ts","statementMap":{"0":{"start":{"line":12,"column":27},"end":{"line":28,"column":null}}},"fnMap":{},"branchMap":{},"s":{"0":3},"f":{},"b":{},"meta":{"lastBranch":0,"lastFunction":0,"lastStatement":1,"seen":{"s:12:27:28:Infinity":0}}}
,"/Users/harry/Documents/CitizenVitae/citizen-vitae-app/src/lib/redirectValidation.ts": {"path":"/Users/harry/Documents/CitizenVitae/citizen-vitae-app/src/lib/redirectValidation.ts","statementMap":{"0":{"start":{"line":6,"column":2},"end":{"line":6,"column":null}},"1":{"start":{"line":6,"column":12},"end":{"line":6,"column":null}},"2":{"start":{"line":9,"column":2},"end":{"line":9,"column":null}},"3":{"start":{"line":9,"column":27},"end":{"line":9,"column":null}},"4":{"start":{"line":12,"column":2},"end":{"line":12,"column":null}},"5":{"start":{"line":12,"column":28},"end":{"line":12,"column":null}},"6":{"start":{"line":15,"column":2},"end":{"line":15,"column":null}},"7":{"start":{"line":15,"column":28},"end":{"line":15,"column":null}},"8":{"start":{"line":18,"column":19},"end":{"line":18,"column":null}},"9":{"start":{"line":19,"column":2},"end":{"line":19,"column":null}},"10":{"start":{"line":19,"column":70},"end":{"line":19,"column":null}},"11":{"start":{"line":21,"column":2},"end":{"line":21,"column":null}},"12":{"start":{"line":28,"column":2},"end":{"line":30,"column":null}},"13":{"start":{"line":29,"column":4},"end":{"line":29,"column":null}},"14":{"start":{"line":31,"column":2},"end":{"line":31,"column":null}}},"fnMap":{"0":{"name":"isValidRedirect","decl":{"start":{"line":5,"column":16},"end":{"line":5,"column":32}},"loc":{"start":{"line":5,"column":50},"end":{"line":22,"column":null}},"line":5},"1":{"name":"getSafeRedirect","decl":{"start":{"line":27,"column":16},"end":{"line":27,"column":32}},"loc":{"start":{"line":27,"column":87},"end":{"line":32,"column":null}},"line":27}},"branchMap":{"0":{"loc":{"start":{"line":6,"column":2},"end":{"line":6,"column":null}},"type":"if","locations":[{"start":{"line":6,"column":2},"end":{"line":6,"column":null}},{"start":{},"end":{}}],"line":6},"1":{"loc":{"start":{"line":9,"column":2},"end":{"line":9,"column":null}},"type":"if","locations":[{"start":{"line":9,"column":2},"end":{"line":9,"column":null}},{"start":{},"end":{}}],"line":9},"2":{"loc":{"start":{"line":12,"column":2},"end":{"line":12,"column":null}},"type":"if","locations":[{"start":{"line":12,"column":2},"end":{"line":12,"column":null}},{"start":{},"end":{}}],"line":12},"3":{"loc":{"start":{"line":15,"column":2},"end":{"line":15,"column":null}},"type":"if","locations":[{"start":{"line":15,"column":2},"end":{"line":15,"column":null}},{"start":{},"end":{}}],"line":15},"4":{"loc":{"start":{"line":19,"column":2},"end":{"line":19,"column":null}},"type":"if","locations":[{"start":{"line":19,"column":2},"end":{"line":19,"column":null}},{"start":{},"end":{}}],"line":19},"5":{"loc":{"start":{"line":19,"column":6},"end":{"line":19,"column":70}},"type":"binary-expr","locations":[{"start":{"line":19,"column":6},"end":{"line":19,"column":42}},{"start":{"line":19,"column":42},"end":{"line":19,"column":70}}],"line":19},"6":{"loc":{"start":{"line":27,"column":62},"end":{"line":27,"column":87}},"type":"default-arg","locations":[{"start":{"line":27,"column":84},"end":{"line":27,"column":87}}],"line":27},"7":{"loc":{"start":{"line":28,"column":2},"end":{"line":30,"column":null}},"type":"if","locations":[{"start":{"line":28,"column":2},"end":{"line":30,"column":null}},{"start":{},"end":{}}],"line":28}},"s":{"0":59,"1":7,"2":52,"3":11,"4":41,"5":13,"6":28,"7":5,"8":23,"9":23,"10":6,"11":17,"12":24,"13":4,"14":20},"f":{"0":59,"1":24},"b":{"0":[7,52],"1":[11,41],"2":[13,28],"3":[5,23],"4":[6,17],"5":[23,18],"6":[24],"7":[4,20]},"meta":{"lastBranch":8,"lastFunction":2,"lastStatement":15,"seen":{"f:5:16:5:32":0,"b:6:2:6:Infinity:undefined:undefined:undefined:undefined":0,"s:6:2:6:Infinity":0,"s:6:12:6:Infinity":1,"b:9:2:9:Infinity:undefined:undefined:undefined:undefined":1,"s:9:2:9:Infinity":2,"s:9:27:9:Infinity":3,"b:12:2:12:Infinity:undefined:undefined:undefined:undefined":2,"s:12:2:12:Infinity":4,"s:12:28:12:Infinity":5,"b:15:2:15:Infinity:undefined:undefined:undefined:undefined":3,"s:15:2:15:Infinity":6,"s:15:28:15:Infinity":7,"s:18:19:18:Infinity":8,"b:19:2:19:Infinity:undefined:undefined:undefined:undefined":4,"s:19:2:19:Infinity":9,"b:19:6:19:42:19:42:19:70":5,"s:19:70:19:Infinity":10,"s:21:2:21:Infinity":11,"f:27:16:27:32":1,"b:27:84:27:87":6,"b:28:2:30:Infinity:undefined:undefined:undefined:undefined":7,"s:28:2:30:Infinity":12,"s:29:4:29:Infinity":13,"s:31:2:31:Infinity":14}}}
,"/Users/harry/Documents/CitizenVitae/citizen-vitae-app/src/lib/sentry.ts": {"path":"/Users/harry/Documents/CitizenVitae/citizen-vitae-app/src/lib/sentry.ts","statementMap":{"0":{"start":{"line":6,"column":26},"end":{"line":79,"column":null}},"1":{"start":{"line":7,"column":14},"end":{"line":7,"column":45}},"2":{"start":{"line":8,"column":22},"end":{"line":8,"column":null}},"3":{"start":{"line":9,"column":18},"end":{"line":9,"column":null}},"4":{"start":{"line":12,"column":2},"end":{"line":15,"column":null}},"5":{"start":{"line":13,"column":4},"end":{"line":13,"column":null}},"6":{"start":{"line":14,"column":4},"end":{"line":14,"column":null}},"7":{"start":{"line":17,"column":2},"end":{"line":78,"column":null}},"8":{"start":{"line":48,"column":20},"end":{"line":48,"column":42}},"9":{"start":{"line":50,"column":6},"end":{"line":62,"column":null}},"10":{"start":{"line":51,"column":24},"end":{"line":51,"column":null}},"11":{"start":{"line":54,"column":8},"end":{"line":56,"column":null}},"12":{"start":{"line":55,"column":10},"end":{"line":55,"column":null}},"13":{"start":{"line":59,"column":8},"end":{"line":61,"column":null}},"14":{"start":{"line":60,"column":10},"end":{"line":60,"column":null}},"15":{"start":{"line":64,"column":6},"end":{"line":64,"column":null}},"16":{"start":{"line":70,"column":6},"end":{"line":75,"column":null}},"17":{"start":{"line":71,"column":24},"end":{"line":71,"column":null}},"18":{"start":{"line":72,"column":8},"end":{"line":74,"column":null}},"19":{"start":{"line":73,"column":10},"end":{"line":73,"column":null}},"20":{"start":{"line":76,"column":6},"end":{"line":76,"column":null}},"21":{"start":{"line":84,"column":29},"end":{"line":94,"column":null}},"22":{"start":{"line":85,"column":2},"end":{"line":93,"column":null}},"23":{"start":{"line":86,"column":4},"end":{"line":90,"column":null}},"24":{"start":{"line":92,"column":4},"end":{"line":92,"column":null}},"25":{"start":{"line":99,"column":32},"end":{"line":103,"column":null}},"26":{"start":{"line":100,"column":2},"end":{"line":102,"column":null}},"27":{"start":{"line":108,"column":30},"end":{"line":110,"column":null}},"28":{"start":{"line":109,"column":2},"end":{"line":109,"column":null}},"29":{"start":{"line":115,"column":26},"end":{"line":117,"column":null}},"30":{"start":{"line":116,"column":2},"end":{"line":116,"column":null}},"31":{"start":{"line":122,"column":22},"end":{"line":124,"column":null}},"32":{"start":{"line":123,"column":2},"end":{"line":123,"column":null}}},"fnMap":{"0":{"name":"(anonymous_0)","decl":{"start":{"line":6,"column":26},"end":{"line":6,"column":null}},"loc":{"start":{"line":6,"column":26},"end":{"line":79,"column":null}},"line":6},"1":{"name":"(anonymous_1)","decl":{"start":{"line":46,"column":4},"end":{"line":46,"column":15}},"loc":{"start":{"line":46,"column":26},"end":{"line":65,"column":null}},"line":46},"2":{"name":"(anonymous_2)","decl":{"start":{"line":68,"column":4},"end":{"line":68,"column":21}},"loc":{"start":{"line":68,"column":31},"end":{"line":77,"column":null}},"line":68},"3":{"name":"(anonymous_3)","decl":{"start":{"line":84,"column":29},"end":{"line":84,"column":30}},"loc":{"start":{"line":84,"column":30},"end":{"line":94,"column":null}},"line":84},"4":{"name":"(anonymous_4)","decl":{"start":{"line":99,"column":32},"end":{"line":99,"column":33}},"loc":{"start":{"line":99,"column":47},"end":{"line":103,"column":null}},"line":99},"5":{"name":"(anonymous_5)","decl":{"start":{"line":108,"column":30},"end":{"line":108,"column":31}},"loc":{"start":{"line":108,"column":84},"end":{"line":110,"column":null}},"line":108},"6":{"name":"(anonymous_6)","decl":{"start":{"line":115,"column":26},"end":{"line":115,"column":27}},"loc":{"start":{"line":115,"column":41},"end":{"line":117,"column":null}},"line":115},"7":{"name":"(anonymous_7)","decl":{"start":{"line":122,"column":22},"end":{"line":122,"column":23}},"loc":{"start":{"line":122,"column":36},"end":{"line":124,"column":null}},"line":122}},"branchMap":{"0":{"loc":{"start":{"line":8,"column":22},"end":{"line":8,"column":null}},"type":"binary-expr","locations":[{"start":{"line":8,"column":22},"end":{"line":8,"column":42}},{"start":{"line":8,"column":46},"end":{"line":8,"column":null}}],"line":8},"1":{"loc":{"start":{"line":9,"column":18},"end":{"line":9,"column":null}},"type":"binary-expr","locations":[{"start":{"line":9,"column":18},"end":{"line":9,"column":50}},{"start":{"line":9,"column":54},"end":{"line":9,"column":null}}],"line":9},"2":{"loc":{"start":{"line":12,"column":2},"end":{"line":15,"column":null}},"type":"if","locations":[{"start":{"line":12,"column":2},"end":{"line":15,"column":null}},{"start":{},"end":{}}],"line":12},"3":{"loc":{"start":{"line":36,"column":22},"end":{"line":36,"column":null}},"type":"cond-expr","locations":[{"start":{"line":36,"column":53},"end":{"line":36,"column":59}},{"start":{"line":36,"column":59},"end":{"line":36,"column":null}}],"line":36},"4":{"loc":{"start":{"line":50,"column":6},"end":{"line":62,"column":null}},"type":"if","locations":[{"start":{"line":50,"column":6},"end":{"line":62,"column":null}},{"start":{},"end":{}}],"line":50},"5":{"loc":{"start":{"line":50,"column":10},"end":{"line":50,"column":68}},"type":"binary-expr","locations":[{"start":{"line":50,"column":10},"end":{"line":50,"column":19}},{"start":{"line":50,"column":19},"end":{"line":50,"column":48}},{"start":{"line":50,"column":48},"end":{"line":50,"column":68}}],"line":50},"6":{"loc":{"start":{"line":54,"column":8},"end":{"line":56,"column":null}},"type":"if","locations":[{"start":{"line":54,"column":8},"end":{"line":56,"column":null}},{"start":{},"end":{}}],"line":54},"7":{"loc":{"start":{"line":59,"column":8},"end":{"line":61,"column":null}},"type":"if","locations":[{"start":{"line":59,"column":8},"end":{"line":61,"column":null}},{"start":{},"end":{}}],"line":59},"8":{"loc":{"start":{"line":70,"column":6},"end":{"line":75,"column":null}},"type":"if","locations":[{"start":{"line":70,"column":6},"end":{"line":75,"column":null}},{"start":{},"end":{}}],"line":70},"9":{"loc":{"start":{"line":71,"column":24},"end":{"line":71,"column":null}},"type":"binary-expr","locations":[{"start":{"line":71,"column":24},"end":{"line":71,"column":42}},{"start":{"line":71,"column":46},"end":{"line":71,"column":null}}],"line":71},"10":{"loc":{"start":{"line":72,"column":8},"end":{"line":74,"column":null}},"type":"if","locations":[{"start":{"line":72,"column":8},"end":{"line":74,"column":null}},{"start":{},"end":{}}],"line":72},"11":{"loc":{"start":{"line":72,"column":12},"end":{"line":72,"column":77}},"type":"binary-expr","locations":[{"start":{"line":72,"column":12},"end":{"line":72,"column":44}},{"start":{"line":72,"column":44},"end":{"line":72,"column":77}}],"line":72},"12":{"loc":{"start":{"line":85,"column":2},"end":{"line":93,"column":null}},"type":"if","locations":[{"start":{"line":85,"column":2},"end":{"line":93,"column":null}},{"start":{"line":91,"column":9},"end":{"line":93,"column":null}}],"line":85},"13":{"loc":{"start":{"line":108,"column":48},"end":{"line":108,"column":84}},"type":"default-arg","locations":[{"start":{"line":108,"column":78},"end":{"line":108,"column":84}}],"line":108}},"s":{"0":3,"1":0,"2":0,"3":0,"4":0,"5":0,"6":0,"7":0,"8":0,"9":0,"10":0,"11":0,"12":0,"13":0,"14":0,"15":0,"16":0,"17":0,"18":0,"19":0,"20":0,"21":3,"22":0,"23":0,"24":0,"25":3,"26":0,"27":3,"28":0,"29":3,"30":0,"31":3,"32":0},"f":{"0":0,"1":0,"2":0,"3":0,"4":0,"5":0,"6":0,"7":0},"b":{"0":[0,0],"1":[0,0],"2":[0,0],"3":[0,0],"4":[0,0],"5":[0,0,0],"6":[0,0],"7":[0,0],"8":[0,0],"9":[0,0],"10":[0,0],"11":[0,0],"12":[0,0],"13":[0]},"meta":{"lastBranch":14,"lastFunction":8,"lastStatement":33,"seen":{"s:6:26:79:Infinity":0,"f:6:26:6:Infinity":0,"s:7:14:7:45":1,"s:8:22:8:Infinity":2,"b:8:22:8:42:8:46:8:Infinity":0,"s:9:18:9:Infinity":3,"b:9:18:9:50:9:54:9:Infinity":1,"b:12:2:15:Infinity:undefined:undefined:undefined:undefined":2,"s:12:2:15:Infinity":4,"s:13:4:13:Infinity":5,"s:14:4:14:Infinity":6,"s:17:2:78:Infinity":7,"b:36:53:36:59:36:59:36:Infinity":3,"f:46:4:46:15":1,"s:48:20:48:42":8,"b:50:6:62:Infinity:undefined:undefined:undefined:undefined":4,"s:50:6:62:Infinity":9,"b:50:10:50:19:50:19:50:48:50:48:50:68":5,"s:51:24:51:Infinity":10,"b:54:8:56:Infinity:undefined:undefined:undefined:undefined":6,"s:54:8:56:Infinity":11,"s:55:10:55:Infinity":12,"b:59:8:61:Infinity:undefined:undefined:undefined:undefined":7,"s:59:8:61:Infinity":13,"s:60:10:60:Infinity":14,"s:64:6:64:Infinity":15,"f:68:4:68:21":2,"b:70:6:75:Infinity:undefined:undefined:undefined:undefined":8,"s:70:6:75:Infinity":16,"s:71:24:71:Infinity":17,"b:71:24:71:42:71:46:71:Infinity":9,"b:72:8:74:Infinity:undefined:undefined:undefined:undefined":10,"s:72:8:74:Infinity":18,"b:72:12:72:44:72:44:72:77":11,"s:73:10:73:Infinity":19,"s:76:6:76:Infinity":20,"s:84:29:94:Infinity":21,"f:84:29:84:30":3,"b:85:2:93:Infinity:91:9:93:Infinity":12,"s:85:2:93:Infinity":22,"s:86:4:90:Infinity":23,"s:92:4:92:Infinity":24,"s:99:32:103:Infinity":25,"f:99:32:99:33":4,"s:100:2:102:Infinity":26,"s:108:30:110:Infinity":27,"f:108:30:108:31":5,"b:108:78:108:84":13,"s:109:2:109:Infinity":28,"s:115:26:117:Infinity":29,"f:115:26:115:27":6,"s:116:2:116:Infinity":30,"s:122:22:124:Infinity":31,"f:122:22:122:23":7,"s:123:2:123:Infinity":32}}}
,"/Users/harry/Documents/CitizenVitae/citizen-vitae-app/src/lib/utils.ts": {"path":"/Users/harry/Documents/CitizenVitae/citizen-vitae-app/src/lib/utils.ts","statementMap":{"0":{"start":{"line":5,"column":2},"end":{"line":5,"column":null}},"1":{"start":{"line":18,"column":12},"end":{"line":18,"column":21}},"2":{"start":{"line":19,"column":15},"end":{"line":19,"column":null}},"3":{"start":{"line":20,"column":15},"end":{"line":20,"column":null}},"4":{"start":{"line":23,"column":4},"end":{"line":27,"column":null}},"5":{"start":{"line":29,"column":12},"end":{"line":29,"column":null}},"6":{"start":{"line":31,"column":2},"end":{"line":31,"column":null}},"7":{"start":{"line":35,"column":2},"end":{"line":35,"column":null}},"8":{"start":{"line":45,"column":16},"end":{"line":45,"column":null}},"9":{"start":{"line":46,"column":15},"end":{"line":46,"column":null}},"10":{"start":{"line":48,"column":2},"end":{"line":56,"column":null}},"11":{"start":{"line":49,"column":28},"end":{"line":49,"column":null}},"12":{"start":{"line":51,"column":4},"end":{"line":55,"column":null}},"13":{"start":{"line":52,"column":6},"end":{"line":52,"column":null}},"14":{"start":{"line":54,"column":6},"end":{"line":54,"column":null}},"15":{"start":{"line":58,"column":2},"end":{"line":58,"column":null}}},"fnMap":{"0":{"name":"cn","decl":{"start":{"line":4,"column":16},"end":{"line":4,"column":19}},"loc":{"start":{"line":4,"column":42},"end":{"line":6,"column":null}},"line":4},"1":{"name":"calculateDistance","decl":{"start":{"line":12,"column":16},"end":{"line":12,"column":null}},"loc":{"start":{"line":16,"column":14},"end":{"line":32,"column":null}},"line":16},"2":{"name":"toRadians","decl":{"start":{"line":34,"column":9},"end":{"line":34,"column":19}},"loc":{"start":{"line":34,"column":34},"end":{"line":36,"column":null}},"line":34},"3":{"name":"generateShortTitle","decl":{"start":{"line":44,"column":16},"end":{"line":44,"column":35}},"loc":{"start":{"line":44,"column":70},"end":{"line":59,"column":null}},"line":44}},"branchMap":{"0":{"loc":{"start":{"line":44,"column":49},"end":{"line":44,"column":70}},"type":"default-arg","locations":[{"start":{"line":44,"column":68},"end":{"line":44,"column":70}}],"line":44},"1":{"loc":{"start":{"line":49,"column":28},"end":{"line":49,"column":null}},"type":"cond-expr","locations":[{"start":{"line":49,"column":37},"end":{"line":49,"column":56}},{"start":{"line":49,"column":59},"end":{"line":49,"column":null}}],"line":49},"2":{"loc":{"start":{"line":51,"column":4},"end":{"line":55,"column":null}},"type":"if","locations":[{"start":{"line":51,"column":4},"end":{"line":55,"column":null}},{"start":{"line":53,"column":11},"end":{"line":55,"column":null}}],"line":51},"3":{"loc":{"start":{"line":58,"column":9},"end":{"line":58,"column":27}},"type":"binary-expr","locations":[{"start":{"line":58,"column":9},"end":{"line":58,"column":19}},{"start":{"line":58,"column":19},"end":{"line":58,"column":27}}],"line":58}},"s":{"0":455,"1":0,"2":0,"3":0,"4":0,"5":0,"6":0,"7":0,"8":0,"9":0,"10":0,"11":0,"12":0,"13":0,"14":0,"15":0},"f":{"0":455,"1":0,"2":0,"3":0},"b":{"0":[0],"1":[0,0],"2":[0,0],"3":[0,0]},"meta":{"lastBranch":4,"lastFunction":4,"lastStatement":16,"seen":{"f:4:16:4:19":0,"s:5:2:5:Infinity":0,"f:12:16:12:Infinity":1,"s:18:12:18:21":1,"s:19:15:19:Infinity":2,"s:20:15:20:Infinity":3,"s:23:4:27:Infinity":4,"s:29:12:29:Infinity":5,"s:31:2:31:Infinity":6,"f:34:9:34:19":2,"s:35:2:35:Infinity":7,"f:44:16:44:35":3,"b:44:68:44:70":0,"s:45:16:45:Infinity":8,"s:46:15:46:Infinity":9,"s:48:2:56:Infinity":10,"s:49:28:49:Infinity":11,"b:49:37:49:56:49:59:49:Infinity":1,"b:51:4:55:Infinity:53:11:55:Infinity":2,"s:51:4:55:Infinity":12,"s:52:6:52:Infinity":13,"s:54:6:54:Infinity":14,"s:58:2:58:Infinity":15,"b:58:9:58:19:58:19:58:27":3}}}
,"/Users/harry/Documents/CitizenVitae/citizen-vitae-app/src/pages/Auth.tsx": {"path":"/Users/harry/Documents/CitizenVitae/citizen-vitae-app/src/pages/Auth.tsx","statementMap":{"0":{"start":{"line":12,"column":13},"end":{"line":196,"column":null}},"1":{"start":{"line":13,"column":49},"end":{"line":13,"column":null}},"2":{"start":{"line":14,"column":8},"end":{"line":14,"column":null}},"3":{"start":{"line":15,"column":22},"end":{"line":15,"column":null}},"4":{"start":{"line":17,"column":22},"end":{"line":17,"column":null}},"5":{"start":{"line":18,"column":18},"end":{"line":18,"column":null}},"6":{"start":{"line":19,"column":23},"end":{"line":19,"column":null}},"7":{"start":{"line":20,"column":25},"end":{"line":20,"column":null}},"8":{"start":{"line":21,"column":18},"end":{"line":21,"column":null}},"9":{"start":{"line":23,"column":28},"end":{"line":23,"column":null}},"10":{"start":{"line":25,"column":25},"end":{"line":25,"column":null}},"11":{"start":{"line":26,"column":33},"end":{"line":26,"column":null}},"12":{"start":{"line":28,"column":2},"end":{"line":33,"column":null}},"13":{"start":{"line":29,"column":4},"end":{"line":32,"column":null}},"14":{"start":{"line":31,"column":6},"end":{"line":31,"column":null}},"15":{"start":{"line":35,"column":28},"end":{"line":56,"column":null}},"16":{"start":{"line":36,"column":4},"end":{"line":36,"column":null}},"17":{"start":{"line":39,"column":4},"end":{"line":42,"column":null}},"18":{"start":{"line":40,"column":6},"end":{"line":40,"column":null}},"19":{"start":{"line":41,"column":6},"end":{"line":41,"column":null}},"20":{"start":{"line":44,"column":4},"end":{"line":44,"column":null}},"21":{"start":{"line":45,"column":22},"end":{"line":45,"column":null}},"22":{"start":{"line":47,"column":4},"end":{"line":55,"column":null}},"23":{"start":{"line":48,"column":6},"end":{"line":48,"column":null}},"24":{"start":{"line":49,"column":6},"end":{"line":49,"column":null}},"25":{"start":{"line":51,"column":6},"end":{"line":51,"column":null}},"26":{"start":{"line":53,"column":12},"end":{"line":53,"column":null}},"27":{"start":{"line":54,"column":6},"end":{"line":54,"column":null}},"28":{"start":{"line":58,"column":29},"end":{"line":63,"column":null}},"29":{"start":{"line":59,"column":4},"end":{"line":59,"column":null}},"30":{"start":{"line":60,"column":22},"end":{"line":60,"column":null}},"31":{"start":{"line":61,"column":4},"end":{"line":61,"column":null}},"32":{"start":{"line":61,"column":15},"end":{"line":61,"column":null}},"33":{"start":{"line":62,"column":4},"end":{"line":62,"column":null}},"34":{"start":{"line":64,"column":2},"end":{"line":189,"column":null}},"35":{"start":{"line":136,"column":33},"end":{"line":136,"column":null}}},"fnMap":{"0":{"name":"(anonymous_0)","decl":{"start":{"line":12,"column":13},"end":{"line":12,"column":null}},"loc":{"start":{"line":12,"column":13},"end":{"line":196,"column":null}},"line":12},"1":{"name":"(anonymous_1)","decl":{"start":{"line":28,"column":12},"end":{"line":28,"column":null}},"loc":{"start":{"line":28,"column":12},"end":{"line":33,"column":5}},"line":28},"2":{"name":"(anonymous_2)","decl":{"start":{"line":35,"column":28},"end":{"line":35,"column":35}},"loc":{"start":{"line":35,"column":35},"end":{"line":56,"column":null}},"line":35},"3":{"name":"(anonymous_3)","decl":{"start":{"line":58,"column":29},"end":{"line":58,"column":null}},"loc":{"start":{"line":58,"column":29},"end":{"line":63,"column":null}},"line":58},"4":{"name":"(anonymous_4)","decl":{"start":{"line":136,"column":26},"end":{"line":136,"column":27}},"loc":{"start":{"line":136,"column":33},"end":{"line":136,"column":null}},"line":136}},"branchMap":{"0":{"loc":{"start":{"line":25,"column":37},"end":{"line":25,"column":null}},"type":"binary-expr","locations":[{"start":{"line":25,"column":37},"end":{"line":25,"column":53}},{"start":{"line":25,"column":53},"end":{"line":25,"column":null}}],"line":25},"1":{"loc":{"start":{"line":29,"column":4},"end":{"line":32,"column":null}},"type":"if","locations":[{"start":{"line":29,"column":4},"end":{"line":32,"column":null}},{"start":{},"end":{}}],"line":29},"2":{"loc":{"start":{"line":39,"column":4},"end":{"line":42,"column":null}},"type":"if","locations":[{"start":{"line":39,"column":4},"end":{"line":42,"column":null}},{"start":{},"end":{}}],"line":39},"3":{"loc":{"start":{"line":39,"column":8},"end":{"line":39,"column":40}},"type":"binary-expr","locations":[{"start":{"line":39,"column":8},"end":{"line":39,"column":18}},{"start":{"line":39,"column":18},"end":{"line":39,"column":40}}],"line":39},"4":{"loc":{"start":{"line":47,"column":4},"end":{"line":55,"column":null}},"type":"if","locations":[{"start":{"line":47,"column":4},"end":{"line":55,"column":null}},{"start":{"line":50,"column":11},"end":{"line":55,"column":null}}],"line":47},"5":{"loc":{"start":{"line":53,"column":12},"end":{"line":53,"column":null}},"type":"cond-expr","locations":[{"start":{"line":53,"column":59},"end":{"line":53,"column":105}},{"start":{"line":53,"column":108},"end":{"line":53,"column":null}}],"line":53},"6":{"loc":{"start":{"line":61,"column":4},"end":{"line":61,"column":null}},"type":"if","locations":[{"start":{"line":61,"column":4},"end":{"line":61,"column":null}},{"start":{},"end":{}}],"line":61},"7":{"loc":{"start":{"line":88,"column":11},"end":{"line":91,"column":null}},"type":"binary-expr","locations":[{"start":{"line":88,"column":11},"end":{"line":88,"column":null}},{"start":{"line":88,"column":12},"end":{"line":91,"column":null}}],"line":88},"8":{"loc":{"start":{"line":97,"column":11},"end":{"line":100,"column":null}},"type":"binary-expr","locations":[{"start":{"line":97,"column":11},"end":{"line":97,"column":null}},{"start":{"line":97,"column":23},"end":{"line":100,"column":null}}],"line":97},"9":{"loc":{"start":{"line":107,"column":11},"end":{"line":111,"column":null}},"type":"binary-expr","locations":[{"start":{"line":107,"column":11},"end":{"line":107,"column":32}},{"start":{"line":107,"column":32},"end":{"line":107,"column":null}},{"start":{"line":107,"column":32},"end":{"line":111,"column":null}}],"line":107},"10":{"loc":{"start":{"line":118,"column":13},"end":{"line":118,"column":null}},"type":"cond-expr","locations":[{"start":{"line":118,"column":33},"end":{"line":118,"column":62}},{"start":{"line":118,"column":62},"end":{"line":118,"column":null}}],"line":118},"11":{"loc":{"start":{"line":121,"column":13},"end":{"line":123,"column":null}},"type":"cond-expr","locations":[{"start":{"line":122,"column":16},"end":{"line":122,"column":null}},{"start":{"line":123,"column":16},"end":{"line":123,"column":null}}],"line":121},"12":{"loc":{"start":{"line":137,"column":26},"end":{"line":137,"column":null}},"type":"binary-expr","locations":[{"start":{"line":137,"column":26},"end":{"line":137,"column":40}},{"start":{"line":137,"column":40},"end":{"line":137,"column":61}},{"start":{"line":137,"column":61},"end":{"line":137,"column":null}}],"line":137},"13":{"loc":{"start":{"line":138,"column":26},"end":{"line":138,"column":null}},"type":"binary-expr","locations":[{"start":{"line":138,"column":26},"end":{"line":138,"column":47}},{"start":{"line":138,"column":47},"end":{"line":138,"column":null}}],"line":138},"14":{"loc":{"start":{"line":140,"column":15},"end":{"line":141,"column":null}},"type":"binary-expr","locations":[{"start":{"line":140,"column":15},"end":{"line":140,"column":36}},{"start":{"line":140,"column":36},"end":{"line":140,"column":null}},{"start":{"line":140,"column":36},"end":{"line":141,"column":null}}],"line":140},"15":{"loc":{"start":{"line":148,"column":15},"end":{"line":148,"column":null}},"type":"cond-expr","locations":[{"start":{"line":148,"column":27},"end":{"line":148,"column":49}},{"start":{"line":148,"column":49},"end":{"line":148,"column":null}}],"line":148}},"s":{"0":1,"1":35,"2":35,"3":35,"4":35,"5":35,"6":35,"7":35,"8":35,"9":35,"10":35,"11":35,"12":35,"13":15,"14":1,"15":35,"16":8,"17":8,"18":1,"19":1,"20":7,"21":7,"22":6,"23":1,"24":1,"25":5,"26":5,"27":5,"28":35,"29":2,"30":2,"31":2,"32":1,"33":2,"34":35,"35":8},"f":{"0":35,"1":15,"2":8,"3":2,"4":8},"b":{"0":[35,34],"1":[1,14],"2":[1,7],"3":[8,7],"4":[1,5],"5":[4,1],"6":[1,1],"7":[35,34],"8":[35,0],"9":[35,1,1],"10":[1,34],"11":[1,34],"12":[35,26,1],"13":[35,1],"14":[35,1,1],"15":[9,26]},"meta":{"lastBranch":16,"lastFunction":5,"lastStatement":36,"seen":{"s:12:13:196:Infinity":0,"f:12:13:12:Infinity":0,"s:13:49:13:Infinity":1,"s:14:8:14:Infinity":2,"s:15:22:15:Infinity":3,"s:17:22:17:Infinity":4,"s:18:18:18:Infinity":5,"s:19:23:19:Infinity":6,"s:20:25:20:Infinity":7,"s:21:18:21:Infinity":8,"s:23:28:23:Infinity":9,"s:25:25:25:Infinity":10,"b:25:37:25:53:25:53:25:Infinity":0,"s:26:33:26:Infinity":11,"s:28:2:33:Infinity":12,"f:28:12:28:Infinity":1,"b:29:4:32:Infinity:undefined:undefined:undefined:undefined":1,"s:29:4:32:Infinity":13,"s:31:6:31:Infinity":14,"s:35:28:56:Infinity":15,"f:35:28:35:35":2,"s:36:4:36:Infinity":16,"b:39:4:42:Infinity:undefined:undefined:undefined:undefined":2,"s:39:4:42:Infinity":17,"b:39:8:39:18:39:18:39:40":3,"s:40:6:40:Infinity":18,"s:41:6:41:Infinity":19,"s:44:4:44:Infinity":20,"s:45:22:45:Infinity":21,"b:47:4:55:Infinity:50:11:55:Infinity":4,"s:47:4:55:Infinity":22,"s:48:6:48:Infinity":23,"s:49:6:49:Infinity":24,"s:51:6:51:Infinity":25,"s:53:12:53:Infinity":26,"b:53:59:53:105:53:108:53:Infinity":5,"s:54:6:54:Infinity":27,"s:58:29:63:Infinity":28,"f:58:29:58:Infinity":3,"s:59:4:59:Infinity":29,"s:60:22:60:Infinity":30,"b:61:4:61:Infinity:undefined:undefined:undefined:undefined":6,"s:61:4:61:Infinity":31,"s:61:15:61:Infinity":32,"s:62:4:62:Infinity":33,"s:64:2:189:Infinity":34,"b:88:11:88:Infinity:88:12:91:Infinity":7,"b:97:11:97:Infinity:97:23:100:Infinity":8,"b:107:11:107:32:107:32:107:Infinity:107:32:111:Infinity":9,"b:118:33:118:62:118:62:118:Infinity":10,"b:122:16:122:Infinity:123:16:123:Infinity":11,"f:136:26:136:27":4,"s:136:33:136:Infinity":35,"b:137:26:137:40:137:40:137:61:137:61:137:Infinity":12,"b:138:26:138:47:138:47:138:Infinity":13,"b:140:15:140:36:140:36:140:Infinity:140:36:141:Infinity":14,"b:148:27:148:49:148:49:148:Infinity":15}}}
[...]
:Infinity":8,"s:19:19:19:Infinity":9,"s:20:8:20:45":10,"s:22:1:27:Infinity":11,"f:22:11:22:Infinity":1,"b:23:4:26:Infinity:undefined:undefined:undefined:undefined":0,"s:23:4:26:Infinity":12,"s:24:6:24:Infinity":13,"s:25:6:25:Infinity":14,"s:29:2:42:Infinity":15,"f:29:12:29:Infinity":2,"b:30:4:41:Infinity:undefined:undefined:undefined:undefined":1,"s:30:4:41:Infinity":16,"b:30:8:30:16:30:16:30:30":2,"s:32:12:32:Infinity":17,"b:33:6:40:Infinity:36:13:40:Infinity":3,"s:33:6:40:Infinity":18,"s:34:8:34:Infinity":19,"s:35:8:35:Infinity":20,"b:36:13:40:Infinity:38:13:40:Infinity":4,"s:36:13:40:Infinity":21,"s:37:8:37:Infinity":22,"s:39:8:39:Infinity":23,"s:44:2:51:Infinity":24,"f:44:12:44:Infinity":3,"b:45:4:50:Infinity:48:11:50:Infinity":5,"s:45:4:50:Infinity":25,"s:46:20:46:Infinity":26,"f:46:31:46:37":4,"s:46:37:46:66":27,"s:47:6:47:Infinity":28,"f:47:13:47:19":5,"s:47:19:47:Infinity":29,"s:49:6:49:Infinity":30,"s:53:8:73:Infinity":31,"f:53:35:53:Infinity":6,"b:54:4:57:Infinity:undefined:undefined:undefined:undefined":6,"s:54:4:57:Infinity":32,"s:55:6:55:Infinity":33,"s:56:6:56:Infinity":34,"s:59:4:59:Infinity":35,"s:60:4:60:Infinity":36,"s:61:22:61:Infinity":37,"b:63:4:72:Infinity:68:11:72:Infinity":7,"s:63:4:72:Infinity":38,"s:64:6:64:Infinity":39,"s:65:6:65:Infinity":40,"s:66:6:66:18":41,"s:67:6:67:Infinity":42,"s:69:6:69:Infinity":43,"s:71:6:71:43":44,"s:93:23:107:Infinity":45,"f:93:23:93:Infinity":7,"b:94:4:94:Infinity:undefined:undefined:undefined:undefined":8,"s:94:4:94:Infinity":46,"s:94:20:94:Infinity":47,"s:96:4:96:Infinity":48,"s:97:22:97:Infinity":49,"b:99:4:105:Infinity:101:11:105:Infinity":9,"s:99:4:105:Infinity":50,"s:100:6:100:Infinity":51,"s:102:6:102:Infinity":52,"s:103:6:103:Infinity":53,"s:104:6:104:Infinity":54,"s:106:4:106:Infinity":55,"s:109:2:198:Infinity":56,"b:173:24:173:40:173:40:173:Infinity":10,"b:175:30:175:50:175:50:175:Infinity":11,"b:184:24:184:38:184:38:184:Infinity":12,"b:187:27:187:48:187:48:187:Infinity":13,"f:195:23:195:29":8,"s:195:29:195:Infinity":57}}}
,"/Users/harry/Documents/CitizenVitae/citizen-vitae-app/src/pages/VerifyParticipant.tsx": {"path":"/Users/harry/Documents/CitizenVitae/citizen-vitae-app/src/pages/VerifyParticipant.tsx","statementMap":{"0":{"start":{"line":27,"column":26},"end":{"line":310,"column":null}},"1":{"start":{"line":28,"column":26},"end":{"line":28,"column":null}},"2":{"start":{"line":29,"column":22},"end":{"line":29,"column":null}},"3":{"start":{"line":30,"column":16},"end":{"line":30,"column":null}},"4":{"start":{"line":31,"column":8},"end":{"line":31,"column":null}},"5":{"start":{"line":32,"column":40},"end":{"line":32,"column":null}},"6":{"start":{"line":34,"column":33},"end":{"line":34,"column":null}},"7":{"start":{"line":35,"column":45},"end":{"line":35,"column":null}},"8":{"start":{"line":36,"column":47},"end":{"line":36,"column":null}},"9":{"start":{"line":37,"column":27},"end":{"line":37,"column":null}},"10":{"start":{"line":39,"column":2},"end":{"line":177,"column":null}},"11":{"start":{"line":40,"column":30},"end":{"line":174,"column":null}},"12":{"start":{"line":41,"column":6},"end":{"line":41,"column":null}},"13":{"start":{"line":41,"column":23},"end":{"line":41,"column":null}},"14":{"start":{"line":44,"column":6},"end":{"line":48,"column":null}},"15":{"start":{"line":45,"column":26},"end":{"line":45,"column":68}},"16":{"start":{"line":46,"column":8},"end":{"line":46,"column":null}},"17":{"start":{"line":47,"column":8},"end":{"line":47,"column":null}},"18":{"start":{"line":50,"column":6},"end":{"line":57,"column":null}},"19":{"start":{"line":51,"column":8},"end":{"line":54,"column":null}},"20":{"start":{"line":55,"column":8},"end":{"line":55,"column":null}},"21":{"start":{"line":56,"column":8},"end":{"line":56,"column":null}},"22":{"start":{"line":59,"column":6},"end":{"line":173,"column":null}},"23":{"start":{"line":61,"column":56},"end":{"line":77,"column":null}},"24":{"start":{"line":79,"column":8},"end":{"line":86,"column":null}},"25":{"start":{"line":80,"column":10},"end":{"line":83,"column":null}},"26":{"start":{"line":84,"column":10},"end":{"line":84,"column":null}},"27":{"start":{"line":85,"column":10},"end":{"line":85,"column":null}},"28":{"start":{"line":88,"column":22},"end":{"line":88,"column":41}},"29":{"start":{"line":89,"column":29},"end":{"line":89,"column":null}},"30":{"start":{"line":90,"column":8},"end":{"line":90,"column":null}},"31":{"start":{"line":93,"column":37},"end":{"line":98,"column":null}},"32":{"start":{"line":100,"column":8},"end":{"line":106,"column":null}},"33":{"start":{"line":101,"column":10},"end":{"line":102,"column":null}},"34":{"start":{"line":104,"column":10},"end":{"line":104,"column":null}},"35":{"start":{"line":105,"column":10},"end":{"line":105,"column":null}},"36":{"start":{"line":109,"column":32},"end":{"line":114,"column":null}},"37":{"start":{"line":116,"column":8},"end":{"line":164,"column":null}},"38":{"start":{"line":117,"column":10},"end":{"line":120,"column":null}},"39":{"start":{"line":121,"column":15},"end":{"line":164,"column":null}},"40":{"start":{"line":123,"column":28},"end":{"line":123,"column":null}},"41":{"start":{"line":124,"column":28},"end":{"line":124,"column":null}},"42":{"start":{"line":125,"column":27},"end":{"line":125,"column":null}},"43":{"start":{"line":128,"column":10},"end":{"line":143,"column":null}},"44":{"start":{"line":129,"column":57},"end":{"line":134,"column":null}},"45":{"start":{"line":135,"column":12},"end":{"line":139,"column":null}},"46":{"start":{"line":136,"column":14},"end":{"line":136,"column":null}},"47":{"start":{"line":138,"column":14},"end":{"line":138,"column":null}},"48":{"start":{"line":141,"column":12},"end":{"line":141,"column":null}},"49":{"start":{"line":145,"column":10},"end":{"line":158,"column":null}},"50":{"start":{"line":160,"column":10},"end":{"line":163,"column":null}},"51":{"start":{"line":166,"column":8},"end":{"line":166,"column":null}},"52":{"start":{"line":167,"column":8},"end":{"line":170,"column":null}},"53":{"start":{"line":172,"column":8},"end":{"line":172,"column":null}},"54":{"start":{"line":176,"column":4},"end":{"line":176,"column":null}},"55":{"start":{"line":179,"column":2},"end":{"line":190,"column":null}},"56":{"start":{"line":180,"column":4},"end":{"line":185,"column":null}},"57":{"start":{"line":193,"column":2},"end":{"line":226,"column":null}},"58":{"start":{"line":194,"column":4},"end":{"line":218,"column":null}},"59":{"start":{"line":211,"column":37},"end":{"line":211,"column":52}},"60":{"start":{"line":216,"column":31},"end":{"line":216,"column":null}},"61":{"start":{"line":229,"column":2},"end":{"line":301,"column":null}},"62":{"start":{"line":283,"column":29},"end":{"line":283,"column":null}},"63":{"start":{"line":294,"column":37},"end":{"line":294,"column":69}},"64":{"start":{"line":299,"column":31},"end":{"line":299,"column":null}}},"fnMap":{"0":{"name":"(anonymous_0)","decl":{"start":{"line":27,"column":26},"end":{"line":27,"column":null}},"loc":{"start":{"line":27,"column":26},"end":{"line":310,"column":null}},"line":27},"1":{"name":"(anonymous_1)","decl":{"start":{"line":39,"column":12},"end":{"line":39,"column":null}},"loc":{"start":{"line":39,"column":12},"end":{"line":177,"column":5}},"line":39},"2":{"name":"(anonymous_2)","decl":{"start":{"line":40,"column":30},"end":{"line":40,"column":null}},"loc":{"start":{"line":40,"column":30},"end":{"line":174,"column":null}},"line":40},"3":{"name":"(anonymous_3)","decl":{"start":{"line":211,"column":31},"end":{"line":211,"column":37}},"loc":{"start":{"line":211,"column":37},"end":{"line":211,"column":52}},"line":211},"4":{"name":"(anonymous_4)","decl":{"start":{"line":216,"column":25},"end":{"line":216,"column":31}},"loc":{"start":{"line":216,"column":31},"end":{"line":216,"column":null}},"line":216},"5":{"name":"(anonymous_5)","decl":{"start":{"line":283,"column":23},"end":{"line":283,"column":29}},"loc":{"start":{"line":283,"column":29},"end":{"line":283,"column":null}},"line":283},"6":{"name":"(anonymous_6)","decl":{"start":{"line":294,"column":31},"end":{"line":294,"column":37}},"loc":{"start":{"line":294,"column":37},"end":{"line":294,"column":69}},"line":294},"7":{"name":"(anonymous_7)","decl":{"start":{"line":299,"column":25},"end":{"line":299,"column":31}},"loc":{"start":{"line":299,"column":31},"end":{"line":299,"column":null}},"line":299}},"branchMap":{"0":{"loc":{"start":{"line":41,"column":6},"end":{"line":41,"column":null}},"type":"if","locations":[{"start":{"line":41,"column":6},"end":{"line":41,"column":null}},{"start":{},"end":{}}],"line":41},"1":{"loc":{"start":{"line":44,"column":6},"end":{"line":48,"column":null}},"type":"if","locations":[{"start":{"line":44,"column":6},"end":{"line":48,"column":null}},{"start":{},"end":{}}],"line":44},"2":{"loc":{"start":{"line":50,"column":6},"end":{"line":57,"column":null}},"type":"if","locations":[{"start":{"line":50,"column":6},"end":{"line":57,"column":null}},{"start":{},"end":{}}],"line":50},"3":{"loc":{"start":{"line":50,"column":10},"end":{"line":50,"column":37}},"type":"binary-expr","locations":[{"start":{"line":50,"column":10},"end":{"line":50,"column":29}},{"start":{"line":50,"column":29},"end":{"line":50,"column":37}}],"line":50},"4":{"loc":{"start":{"line":79,"column":8},"end":{"line":86,"column":null}},"type":"if","locations":[{"start":{"line":79,"column":8},"end":{"line":86,"column":null}},{"start":{},"end":{}}],"line":79},"5":{"loc":{"start":{"line":79,"column":12},"end":{"line":79,"column":39}},"type":"binary-expr","locations":[{"start":{"line":79,"column":12},"end":{"line":79,"column":24}},{"start":{"line":79,"column":24},"end":{"line":79,"column":39}}],"line":79},"6":{"loc":{"start":{"line":90,"column":28},"end":{"line":90,"column":null}},"type":"binary-expr","locations":[{"start":{"line":90,"column":28},"end":{"line":90,"column":50}},{"start":{"line":90,"column":50},"end":{"line":90,"column":null}}],"line":90},"7":{"loc":{"start":{"line":100,"column":8},"end":{"line":106,"column":null}},"type":"if","locations":[{"start":{"line":100,"column":8},"end":{"line":106,"column":null}},{"start":{},"end":{}}],"line":100},"8":{"loc":{"start":{"line":102,"column":42},"end":{"line":102,"column":82}},"type":"binary-expr","locations":[{"start":{"line":102,"column":42},"end":{"line":102,"column":64}},{"start":{"line":102,"column":64},"end":{"line":102,"column":82}}],"line":102},"9":{"loc":{"start":{"line":116,"column":8},"end":{"line":164,"column":null}},"type":"if","locations":[{"start":{"line":116,"column":8},"end":{"line":164,"column":null}},{"start":{"line":121,"column":15},"end":{"line":164,"column":null}}],"line":116},"10":{"loc":{"start":{"line":121,"column":15},"end":{"line":164,"column":null}},"type":"if","locations":[{"start":{"line":121,"column":15},"end":{"line":164,"column":null}},{"start":{"line":159,"column":15},"end":{"line":164,"column":null}}],"line":121},"11":{"loc":{"start":{"line":123,"column":29},"end":{"line":123,"column":48}},"type":"binary-expr","locations":[{"start":{"line":123,"column":29},"end":{"line":123,"column":43}},{"start":{"line":123,"column":47},"end":{"line":123,"column":48}}],"line":123},"12":{"loc":{"start":{"line":124,"column":28},"end":{"line":124,"column":null}},"type":"binary-expr","locations":[{"start":{"line":124,"column":28},"end":{"line":124,"column":40}},{"start":{"line":124,"column":44},"end":{"line":124,"column":null}}],"line":124},"13":{"loc":{"start":{"line":125,"column":27},"end":{"line":125,"column":null}},"type":"binary-expr","locations":[{"start":{"line":125,"column":27},"end":{"line":125,"column":59}},{"start":{"line":125,"column":59},"end":{"line":125,"column":null}}],"line":125},"14":{"loc":{"start":{"line":135,"column":12},"end":{"line":139,"column":null}},"type":"if","locations":[{"start":{"line":135,"column":12},"end":{"line":139,"column":null}},{"start":{"line":137,"column":19},"end":{"line":139,"column":null}}],"line":135},"15":{"loc":{"start":{"line":147,"column":21},"end":{"line":147,"column":null}},"type":"binary-expr","locations":[{"start":{"line":147,"column":21},"end":{"line":147,"column":33}},{"start":{"line":147,"column":37},"end":{"line":147,"column":null}}],"line":147},"16":{"loc":{"start":{"line":154,"column":20},"end":{"line":154,"column":null}},"type":"binary-expr","locations":[{"start":{"line":154,"column":20},"end":{"line":154,"column":35}},{"start":{"line":154,"column":39},"end":{"line":154,"column":54}},{"start":{"line":154,"column":54},"end":{"line":154,"column":null}}],"line":154},"17":{"loc":{"start":{"line":155,"column":20},"end":{"line":155,"column":null}},"type":"binary-expr","locations":[{"start":{"line":155,"column":20},"end":{"line":155,"column":41}},{"start":{"line":155,"column":41},"end":{"line":155,"column":null}}],"line":155},"18":{"loc":{"start":{"line":162,"column":21},"end":{"line":162,"column":null}},"type":"binary-expr","locations":[{"start":{"line":162,"column":21},"end":{"line":162,"column":38}},{"start":{"line":162,"column":38},"end":{"line":162,"column":null}}],"line":162},"19":{"loc":{"start":{"line":179,"column":2},"end":{"line":190,"column":null}},"type":"if","locations":[{"start":{"line":179,"column":2},"end":{"line":190,"column":null}},{"start":{},"end":{}}],"line":179},"20":{"loc":{"start":{"line":179,"column":6},"end":{"line":179,"column":32}},"type":"binary-expr","locations":[{"start":{"line":179,"column":6},"end":{"line":179,"column":21}},{"start":{"line":179,"column":21},"end":{"line":179,"column":32}}],"line":179},"21":{"loc":{"start":{"line":193,"column":2},"end":{"line":226,"column":null}},"type":"if","locations":[{"start":{"line":193,"column":2},"end":{"line":226,"column":null}},{"start":{},"end":{}}],"line":193},"22":{"loc":{"start":{"line":234,"column":12},"end":{"line":234,"column":null}},"type":"cond-expr","locations":[{"start":{"line":234,"column":30},"end":{"line":234,"column":47}},{"start":{"line":234,"column":47},"end":{"line":234,"column":null}}],"line":234},"23":{"loc":{"start":{"line":236,"column":13},"end":{"line":239,"column":null}},"type":"cond-expr","locations":[{"start":{"line":236,"column":21},"end":{"line":239,"column":15}},{"start":{"line":239,"column":14},"end":{"line":239,"column":null}}],"line":236},"24":{"loc":{"start":{"line":243,"column":13},"end":{"line":243,"column":null}},"type":"cond-expr","locations":[{"start":{"line":243,"column":31},"end":{"line":243,"column":52}},{"start":{"line":243,"column":52},"end":{"line":243,"column":null}}],"line":243},"25":{"loc":{"start":{"line":250,"column":9},"end":{"line":285,"column":null}},"type":"binary-expr","locations":[{"start":{"line":250,"column":9},"end":{"line":250,"column":28}},{"start":{"line":250,"column":28},"end":{"line":250,"column":46}},{"start":{"line":250,"column":46},"end":{"line":285,"column":null}}],"line":250},"26":{"loc":{"start":{"line":253,"column":15},"end":{"line":262,"column":null}},"type":"cond-expr","locations":[{"start":{"line":253,"column":43},"end":{"line":260,"column":17}},{"start":{"line":260,"column":16},"end":{"line":262,"column":null}}],"line":253},"27":{"loc":{"start":{"line":270,"column":17},"end":{"line":271,"column":null}},"type":"binary-expr","locations":[{"start":{"line":270,"column":17},"end":{"line":270,"column":29}},{"start":{"line":270,"column":29},"end":{"line":271,"column":null}}],"line":270},"28":{"loc":{"start":{"line":276,"column":13},"end":{"line":278,"column":null}},"type":"binary-expr","locations":[{"start":{"line":276,"column":13},"end":{"line":276,"column":29}},{"start":{"line":276,"column":29},"end":{"line":278,"column":null}}],"line":276},"29":{"loc":{"start":{"line":291,"column":9},"end":{"line":301,"column":null}},"type":"binary-expr","locations":[{"start":{"line":291,"column":9},"end":{"line":291,"column":null}},{"start":{"line":291,"column":18},"end":{"line":301,"column":null}}],"line":291}},"s":{"0":1,"1":29,"2":29,"3":29,"4":29,"5":29,"6":29,"7":29,"8":29,"9":29,"10":29,"11":16,"12":16,"13":2,"14":14,"15":1,"16":1,"17":1,"18":13,"19":2,"20":2,"21":2,"22":11,"23":11,"24":10,"25":1,"26":1,"27":1,"28":9,"29":9,"30":16,"31":16,"32":9,"33":2,"34":2,"35":2,"36":7,"37":7,"38":1,"39":6,"40":4,"41":4,"42":4,"43":4,"44":4,"45":4,"46":0,"47":4,"48":0,"49":4,"50":2,"51":1,"52":1,"53":11,"54":16,"55":29,"56":16,"57":13,"58":2,"59":0,"60":0,"61":11,"62":0,"63":0,"64":0},"f":{"0":29,"1":16,"2":16,"3":0,"4":0,"5":0,"6":0,"7":0},"b":{"0":[2,14],"1":[1,13],"2":[2,11],"3":[13,12],"4":[1,9],"5":[10,9],"6":[16,0],"7":[2,7],"8":[2,0],"9":[1,6],"10":[4,2],"11":[4,0],"12":[4,0],"13":[4,0],"14":[0,4],"15":[4,3],"16":[4,1,0],"17":[4,4],"18":[2,0],"19":[16,13],"20":[29,27],"21":[2,11],"22":[4,7],"23":[4,7],"24":[4,7],"25":[29,4,4],"26":[0,4],"27":[4,4],"28":[4,4],"29":[29,7]},"meta":{"lastBranch":30,"lastFunction":8,"lastStatement":65,"seen":{"s:27:26:310:Infinity":0,"f:27:26:27:Infinity":0,"s:28:26:28:Infinity":1,"s:29:22:29:Infinity":2,"s:30:16:30:Infinity":3,"s:31:8:31:Infinity":4,"s:32:40:32:Infinity":5,"s:34:33:34:Infinity":6,"s:35:45:35:Infinity":7,"s:36:47:36:Infinity":8,"s:37:27:37:Infinity":9,"s:39:2:177:Infinity":10,"f:39:12:39:Infinity":1,"s:40:30:174:Infinity":11,"f:40:30:40:Infinity":2,"b:41:6:41:Infinity:undefined:undefined:undefined:undefined":0,"s:41:6:41:Infinity":12,"s:41:23:41:Infinity":13,"b:44:6:48:Infinity:undefined:undefined:undefined:undefined":1,"s:44:6:48:Infinity":14,"s:45:26:45:68":15,"s:46:8:46:Infinity":16,"s:47:8:47:Infinity":17,"b:50:6:57:Infinity:undefined:undefined:undefined:undefined":2,"s:50:6:57:Infinity":18,"b:50:10:50:29:50:29:50:37":3,"s:51:8:54:Infinity":19,"s:55:8:55:Infinity":20,"s:56:8:56:Infinity":21,"s:59:6:173:Infinity":22,"s:61:56:77:Infinity":23,"b:79:8:86:Infinity:undefined:undefined:undefined:undefined":4,"s:79:8:86:Infinity":24,"b:79:12:79:24:79:24:79:39":5,"s:80:10:83:Infinity":25,"s:84:10:84:Infinity":26,"s:85:10:85:Infinity":27,"s:88:22:88:41":28,"s:89:29:89:Infinity":29,"s:90:8:90:Infinity":30,"b:90:28:90:50:90:50:90:Infinity":6,"s:93:37:98:Infinity":31,"b:100:8:106:Infinity:undefined:undefined:undefined:undefined":7,"s:100:8:106:Infinity":32,"s:101:10:102:Infinity":33,"b:102:42:102:64:102:64:102:82":8,"s:104:10:104:Infinity":34,"s:105:10:105:Infinity":35,"s:109:32:114:Infinity":36,"b:116:8:164:Infinity:121:15:164:Infinity":9,"s:116:8:164:Infinity":37,"s:117:10:120:Infinity":38,"b:121:15:164:Infinity:159:15:164:Infinity":10,"s:121:15:164:Infinity":39,"s:123:28:123:Infinity":40,"b:123:29:123:43:123:47:123:48":11,"s:124:28:124:Infinity":41,"b:124:28:124:40:124:44:124:Infinity":12,"s:125:27:125:Infinity":42,"b:125:27:125:59:125:59:125:Infinity":13,"s:128:10:143:Infinity":43,"s:129:57:134:Infinity":44,"b:135:12:139:Infinity:137:19:139:Infinity":14,"s:135:12:139:Infinity":45,"s:136:14:136:Infinity":46,"s:138:14:138:Infinity":47,"s:141:12:141:Infinity":48,"s:145:10:158:Infinity":49,"b:147:21:147:33:147:37:147:Infinity":15,"b:154:20:154:35:154:39:154:54:154:54:154:Infinity":16,"b:155:20:155:41:155:41:155:Infinity":17,"s:160:10:163:Infinity":50,"b:162:21:162:38:162:38:162:Infinity":18,"s:166:8:166:Infinity":51,"s:167:8:170:Infinity":52,"s:172:8:172:Infinity":53,"s:176:4:176:Infinity":54,"b:179:2:190:Infinity:undefined:undefined:undefined:undefined":19,"s:179:2:190:Infinity":55,"b:179:6:179:21:179:21:179:32":20,"s:180:4:185:Infinity":56,"b:193:2:226:Infinity:undefined:undefined:undefined:undefined":21,"s:193:2:226:Infinity":57,"s:194:4:218:Infinity":58,"f:211:31:211:37":3,"s:211:37:211:52":59,"f:216:25:216:31":4,"s:216:31:216:Infinity":60,"s:229:2:301:Infinity":61,"b:234:30:234:47:234:47:234:Infinity":22,"b:236:21:239:15:239:14:239:Infinity":23,"b:243:31:243:52:243:52:243:Infinity":24,"b:250:9:250:28:250:28:250:46:250:46:285:Infinity":25,"b:253:43:260:17:260:16:262:Infinity":26,"b:270:17:270:29:270:29:271:Infinity":27,"b:276:13:276:29:276:29:278:Infinity":28,"f:283:23:283:29":5,"s:283:29:283:Infinity":62,"b:291:9:291:Infinity:291:18:301:Infinity":29,"f:294:31:294:37":6,"s:294:37:294:69":63,"f:299:25:299:31":7,"s:299:31:299:Infinity":64}}}
}
